<?xml version="1.0" ?>
<testsuite tests="92" failures="4" errors="0" skipped="3" name="tests.merged" totaltime="476.59">
<testcase classname=".." name="ddal_auth_set_login_faildelay_python" time="0.000">
<skipped></skipped>
<system-out>
no xml report file
</system-out>
<system-err>
Could not find reports for "../ddal_auth_set_login_faildelay_python", either test did not execute,
was aborted, or cannot create reports.

Test directory was /var/fpwork/psulm/lfs-jenkins/workspace/LFS_CI_-_trunk_-_TestNonBlocking_-_FSM-r2_-_FCMD/workspace/src-test/src/tests/basic_components/auth/functional/testsuite
</system-err>
</testcase>

<testcase classname="HW_03011_sfn_get_close_fd" name="TC_03011_001 SFN get/close tests" time="2">
<system-out>
SCR_OUTPUT: ##### Test Case Start: TC_03011_001  SFN get/close tests
CLI_OUTPUT: /Target1/sfn/action ddal_sfn_get_file_descriptor
CLI_OUTPUT: ret /Target1/sfn/action ddal_sfn_get_file_descriptor ==&gt; done OK retv 0 fd 7
CLI_OUTPUT: /Target1/sfn/action ddal_sfn_wakeup_fd 7 100 DDAL_SFN_PERIODIC
CLI_OUTPUT: ret /Target1/sfn/action ddal_sfn_wakeup_fd 7 100 DDAL_SFN_PERIODIC ==&gt; done OK retv 0
CLI_OUTPUT: /Target1/sfn/action ddal_sfn_wakeup_fd 7 100 DDAL_SFN_SPECIFIC
CLI_OUTPUT: ret /Target1/sfn/action ddal_sfn_wakeup_fd 7 100 DDAL_SFN_SPECIFIC ==&gt; done OK retv 0
CLI_OUTPUT: /Target1/sfn/action ddal_sfn_wakeup_fd 7 100 DDAL_SFN_PERIODIC
CLI_OUTPUT: ret /Target1/sfn/action ddal_sfn_wakeup_fd 7 100 DDAL_SFN_PERIODIC ==&gt; done OK retv 0
CLI_OUTPUT: /Target1/sfn/action ddal_sfn_close_file_descriptor 7
CLI_OUTPUT: ret /Target1/sfn/action ddal_sfn_close_file_descriptor 7 ==&gt; done OK retv 0
CLI_OUTPUT: /Target1/sfn/action ddal_sfn_get_file_descriptor
CLI_OUTPUT: ret /Target1/sfn/action ddal_sfn_get_file_descriptor ==&gt; done OK retv 0 fd 7
CLI_OUTPUT: /Target1/sfn/action ddal_sfn_wakeup_fd 7 100 DDAL_SFN_PERIODIC
CLI_OUTPUT: ret /Target1/sfn/action ddal_sfn_wakeup_fd 7 100 DDAL_SFN_PERIODIC ==&gt; done OK retv 0
CLI_OUTPUT: /Target1/sfn/action ddal_sfn_wakeup_fd 7 100 DDAL_SFN_SPECIFIC
CLI_OUTPUT: ret /Target1/sfn/action ddal_sfn_wakeup_fd 7 100 DDAL_SFN_SPECIFIC ==&gt; done OK retv 0
CLI_OUTPUT: /Target1/sfn/action ddal_sfn_wakeup_fd 7 100 DDAL_SFN_PERIODIC
CLI_OUTPUT: ret /Target1/sfn/action ddal_sfn_wakeup_fd 7 100 DDAL_SFN_PERIODIC ==&gt; done OK retv 0
CLI_OUTPUT: /Target1/sfn/action ddal_sfn_close_file_descriptor 7
CLI_OUTPUT: ret /Target1/sfn/action ddal_sfn_close_file_descriptor 7 ==&gt; done OK retv 0
CLI_OUTPUT: /Target1/sfn/action ddal_sfn_get_file_descriptor
CLI_OUTPUT: ret /Target1/sfn/action ddal_sfn_get_file_descriptor ==&gt; done OK retv 0 fd 7
CLI_OUTPUT: /Target1/sfn/action ddal_sfn_wakeup_fd 7 100 DDAL_SFN_PERIODIC
CLI_OUTPUT: ret /Target1/sfn/action ddal_sfn_wakeup_fd 7 100 DDAL_SFN_PERIODIC ==&gt; done OK retv 0
CLI_OUTPUT: /Target1/sfn/action ddal_sfn_wakeup_fd 7 100 DDAL_SFN_SPECIFIC
CLI_OUTPUT: ret /Target1/sfn/action ddal_sfn_wakeup_fd 7 100 DDAL_SFN_SPECIFIC ==&gt; done OK retv 0
CLI_OUTPUT: /Target1/sfn/action ddal_sfn_wakeup_fd 7 100 DDAL_SFN_PERIODIC
CLI_OUTPUT: ret /Target1/sfn/action ddal_sfn_wakeup_fd 7 100 DDAL_SFN_PERIODIC ==&gt; done OK retv 0
CLI_OUTPUT: /Target1/sfn/action ddal_sfn_close_file_descriptor 7
CLI_OUTPUT: ret /Target1/sfn/action ddal_sfn_close_file_descriptor 7 ==&gt; done OK retv 0
CLI_OUTPUT: /Target1/sfn/action ddal_sfn_get_file_descriptor
CLI_OUTPUT: ret /Target1/sfn/action ddal_sfn_get_file_descriptor ==&gt; done OK retv 0 fd 7
CLI_OUTPUT: /Target1/sfn/action ddal_sfn_wakeup_fd 7 100 DDAL_SFN_PERIODIC
CLI_OUTPUT: ret /Target1/sfn/action ddal_sfn_wakeup_fd 7 100 DDAL_SFN_PERIODIC ==&gt; done OK retv 0
CLI_OUTPUT: /Target1/sfn/action ddal_sfn_wakeup_fd 7 100 DDAL_SFN_SPECIFIC
CLI_OUTPUT: ret /Target1/sfn/action ddal_sfn_wakeup_fd 7 100 DDAL_SFN_SPECIFIC ==&gt; done OK retv 0
CLI_OUTPUT: /Target1/sfn/action ddal_sfn_wakeup_fd 7 100 DDAL_SFN_PERIODIC
CLI_OUTPUT: ret /Target1/sfn/action ddal_sfn_wakeup_fd 7 100 DDAL_SFN_PERIODIC ==&gt; done OK retv 0
CLI_OUTPUT: /Target1/sfn/action ddal_sfn_close_file_descriptor 7
CLI_OUTPUT: ret /Target1/sfn/action ddal_sfn_close_file_descriptor 7 ==&gt; done OK retv 0
CLI_OUTPUT: /Target1/sfn/action ddal_sfn_get_file_descriptor
CLI_OUTPUT: ret /Target1/sfn/action ddal_sfn_get_file_descriptor ==&gt; done OK retv 0 fd 7
CLI_OUTPUT: /Target1/sfn/action ddal_sfn_wakeup_fd 7 100 DDAL_SFN_PERIODIC
CLI_OUTPUT: ret /Target1/sfn/action ddal_sfn_wakeup_fd 7 100 DDAL_SFN_PERIODIC ==&gt; done OK retv 0
CLI_OUTPUT: /Target1/sfn/action ddal_sfn_wakeup_fd 7 100 DDAL_SFN_SPECIFIC
CLI_OUTPUT: ret /Target1/sfn/action ddal_sfn_wakeup_fd 7 100 DDAL_SFN_SPECIFIC ==&gt; done OK retv 0
CLI_OUTPUT: /Target1/sfn/action ddal_sfn_wakeup_fd 7 100 DDAL_SFN_PERIODIC
CLI_OUTPUT: ret /Target1/sfn/action ddal_sfn_wakeup_fd 7 100 DDAL_SFN_PERIODIC ==&gt; done OK retv 0
CLI_OUTPUT: /Target1/sfn/action ddal_sfn_close_file_descriptor 7
CLI_OUTPUT: ret /Target1/sfn/action ddal_sfn_close_file_descriptor 7 ==&gt; done OK retv 0
CLI_OUTPUT: /Target1/sfn/action ddal_sfn_get_file_descriptor
CLI_OUTPUT: ret /Target1/sfn/action ddal_sfn_get_file_descriptor ==&gt; done OK retv 0 fd 7
CLI_OUTPUT: /Target1/sfn/action ddal_sfn_wakeup_fd 7 100 DDAL_SFN_PERIODIC
CLI_OUTPUT: ret /Target1/sfn/action ddal_sfn_wakeup_fd 7 100 DDAL_SFN_PERIODIC ==&gt; done OK retv 0
CLI_OUTPUT: /Target1/sfn/action ddal_sfn_wakeup_fd 7 100 DDAL_SFN_SPECIFIC
CLI_OUTPUT: ret /Target1/sfn/action ddal_sfn_wakeup_fd 7 100 DDAL_SFN_SPECIFIC ==&gt; done OK retv 0
CLI_OUTPUT: /Target1/sfn/action ddal_sfn_wakeup_fd 7 100 DDAL_SFN_PERIODIC
CLI_OUTPUT: ret /Target1/sfn/action ddal_sfn_wakeup_fd 7 100 DDAL_SFN_PERIODIC ==&gt; done OK retv 0
CLI_OUTPUT: /Target1/sfn/action ddal_sfn_close_file_descriptor 7
CLI_OUTPUT: ret /Target1/sfn/action ddal_sfn_close_file_descriptor 7 ==&gt; done OK retv 0
CLI_OUTPUT: /Target1/sfn/action ddal_sfn_get_file_descriptor
CLI_OUTPUT: ret /Target1/sfn/action ddal_sfn_get_file_descriptor ==&gt; done OK retv 0 fd 7
CLI_OUTPUT: /Target1/sfn/action ddal_sfn_wakeup_fd 7 100 DDAL_SFN_PERIODIC
CLI_OUTPUT: ret /Target1/sfn/action ddal_sfn_wakeup_fd 7 100 DDAL_SFN_PERIODIC ==&gt; done OK retv 0
CLI_OUTPUT: /Target1/sfn/action ddal_sfn_wakeup_fd 7 100 DDAL_SFN_SPECIFIC
CLI_OUTPUT: ret /Target1/sfn/action ddal_sfn_wakeup_fd 7 100 DDAL_SFN_SPECIFIC ==&gt; done OK retv 0
CLI_OUTPUT: /Target1/sfn/action ddal_sfn_wakeup_fd 7 100 DDAL_SFN_PERIODIC
CLI_OUTPUT: ret /Target1/sfn/action ddal_sfn_wakeup_fd 7 100 DDAL_SFN_PERIODIC ==&gt; done OK retv 0
CLI_OUTPUT: /Target1/sfn/action ddal_sfn_close_file_descriptor 7
CLI_OUTPUT: ret /Target1/sfn/action ddal_sfn_close_file_descriptor 7 ==&gt; done OK retv 0
CLI_OUTPUT: /Target1/sfn/action ddal_sfn_get_file_descriptor
CLI_OUTPUT: ret /Target1/sfn/action ddal_sfn_get_file_descriptor ==&gt; done OK retv 0 fd 7
CLI_OUTPUT: /Target1/sfn/action ddal_sfn_wakeup_fd 7 100 DDAL_SFN_PERIODIC
CLI_OUTPUT: ret /Target1/sfn/action ddal_sfn_wakeup_fd 7 100 DDAL_SFN_PERIODIC ==&gt; done OK retv 0
CLI_OUTPUT: /Target1/sfn/action ddal_sfn_wakeup_fd 7 100 DDAL_SFN_SPECIFIC
CLI_OUTPUT: ret /Target1/sfn/action ddal_sfn_wakeup_fd 7 100 DDAL_SFN_SPECIFIC ==&gt; done OK retv 0
CLI_OUTPUT: /Target1/sfn/action ddal_sfn_wakeup_fd 7 100 DDAL_SFN_PERIODIC
CLI_OUTPUT: ret /Target1/sfn/action ddal_sfn_wakeup_fd 7 100 DDAL_SFN_PERIODIC ==&gt; done OK retv 0
CLI_OUTPUT: /Target1/sfn/action ddal_sfn_close_file_descriptor 7
CLI_OUTPUT: ret /Target1/sfn/action ddal_sfn_close_file_descriptor 7 ==&gt; done OK retv 0
CLI_OUTPUT: /Target1/sfn/action ddal_sfn_get_file_descriptor
CLI_OUTPUT: ret /Target1/sfn/action ddal_sfn_get_file_descriptor ==&gt; done OK retv 0 fd 7
CLI_OUTPUT: /Target1/sfn/action ddal_sfn_wakeup_fd 7 100 DDAL_SFN_PERIODIC
CLI_OUTPUT: ret /Target1/sfn/action ddal_sfn_wakeup_fd 7 100 DDAL_SFN_PERIODIC ==&gt; done OK retv 0
CLI_OUTPUT: /Target1/sfn/action ddal_sfn_wakeup_fd 7 100 DDAL_SFN_SPECIFIC
CLI_OUTPUT: ret /Target1/sfn/action ddal_sfn_wakeup_fd 7 100 DDAL_SFN_SPECIFIC ==&gt; done OK retv 0
CLI_OUTPUT: /Target1/sfn/action ddal_sfn_wakeup_fd 7 100 DDAL_SFN_PERIODIC
CLI_OUTPUT: ret /Target1/sfn/action ddal_sfn_wakeup_fd 7 100 DDAL_SFN_PERIODIC ==&gt; done OK retv 0
CLI_OUTPUT: /Target1/sfn/action ddal_sfn_close_file_descriptor 7
CLI_OUTPUT: ret /Target1/sfn/action ddal_sfn_close_file_descriptor 7 ==&gt; done OK retv 0
CLI_OUTPUT: /Target1/sfn/action ddal_sfn_get_file_descriptor
CLI_OUTPUT: ret /Target1/sfn/action ddal_sfn_get_file_descriptor ==&gt; done OK retv 0 fd 7
CLI_OUTPUT: /Target1/sfn/action ddal_sfn_wakeup_fd 7 100 DDAL_SFN_PERIODIC
CLI_OUTPUT: ret /Target1/sfn/action ddal_sfn_wakeup_fd 7 100 DDAL_SFN_PERIODIC ==&gt; done OK retv 0
CLI_OUTPUT: /Target1/sfn/action ddal_sfn_wakeup_fd 7 100 DDAL_SFN_SPECIFIC
CLI_OUTPUT: ret /Target1/sfn/action ddal_sfn_wakeup_fd 7 100 DDAL_SFN_SPECIFIC ==&gt; done OK retv 0
CLI_OUTPUT: /Target1/sfn/action ddal_sfn_wakeup_fd 7 100 DDAL_SFN_PERIODIC
CLI_OUTPUT: ret /Target1/sfn/action ddal_sfn_wakeup_fd 7 100 DDAL_SFN_PERIODIC ==&gt; done OK retv 0
CLI_OUTPUT: /Target1/sfn/action ddal_sfn_close_file_descriptor 7
CLI_OUTPUT: ret /Target1/sfn/action ddal_sfn_close_file_descriptor 7 ==&gt; done OK retv 0
CLI_OUTPUT: /Target1/sfn/action ddal_sfn_get_file_descriptor
CLI_OUTPUT: ret /Target1/sfn/action ddal_sfn_get_file_descriptor ==&gt; done OK retv 0 fd 7
CLI_OUTPUT: /Target1/sfn/action ddal_sfn_wakeup_fd 7 100 DDAL_SFN_PERIODIC
CLI_OUTPUT: ret /Target1/sfn/action ddal_sfn_wakeup_fd 7 100 DDAL_SFN_PERIODIC ==&gt; done OK retv 0
CLI_OUTPUT: /Target1/sfn/action ddal_sfn_wakeup_fd 7 100 DDAL_SFN_SPECIFIC
CLI_OUTPUT: ret /Target1/sfn/action ddal_sfn_wakeup_fd 7 100 DDAL_SFN_SPECIFIC ==&gt; done OK retv 0
CLI_OUTPUT: /Target1/sfn/action ddal_sfn_wakeup_fd 7 100 DDAL_SFN_PERIODIC
CLI_OUTPUT: ret /Target1/sfn/action ddal_sfn_wakeup_fd 7 100 DDAL_SFN_PERIODIC ==&gt; done OK retv 0
CLI_OUTPUT: /Target1/sfn/action ddal_sfn_close_file_descriptor 7
CLI_OUTPUT: ret /Target1/sfn/action ddal_sfn_close_file_descriptor 7 ==&gt; done OK retv 0
CLI_OUTPUT: /Target1/sfn/action ddal_sfn_get_file_descriptor
CLI_OUTPUT: ret /Target1/sfn/action ddal_sfn_get_file_descriptor ==&gt; done OK retv 0 fd 7
CLI_OUTPUT: /Target1/sfn/action ddal_sfn_wakeup_fd 7 100 DDAL_SFN_PERIODIC
CLI_OUTPUT: ret /Target1/sfn/action ddal_sfn_wakeup_fd 7 100 DDAL_SFN_PERIODIC ==&gt; done OK retv 0
CLI_OUTPUT: /Target1/sfn/action ddal_sfn_wakeup_fd 7 100 DDAL_SFN_SPECIFIC
CLI_OUTPUT: ret /Target1/sfn/action ddal_sfn_wakeup_fd 7 100 DDAL_SFN_SPECIFIC ==&gt; done OK retv 0
CLI_OUTPUT: /Target1/sfn/action ddal_sfn_wakeup_fd 7 100 DDAL_SFN_PERIODIC
CLI_OUTPUT: ret /Target1/sfn/action ddal_sfn_wakeup_fd 7 100 DDAL_SFN_PERIODIC ==&gt; done OK retv 0
CLI_OUTPUT: /Target1/sfn/action ddal_sfn_close_file_descriptor 7
CLI_OUTPUT: ret /Target1/sfn/action ddal_sfn_close_file_descriptor 7 ==&gt; done OK retv 0
CLI_OUTPUT: /Target1/sfn/action ddal_sfn_get_file_descriptor
CLI_OUTPUT: ret /Target1/sfn/action ddal_sfn_get_file_descriptor ==&gt; done OK retv 0 fd 7
CLI_OUTPUT: /Target1/sfn/action ddal_sfn_wakeup_fd 7 100 DDAL_SFN_PERIODIC
CLI_OUTPUT: ret /Target1/sfn/action ddal_sfn_wakeup_fd 7 100 DDAL_SFN_PERIODIC ==&gt; done OK retv 0
CLI_OUTPUT: /Target1/sfn/action ddal_sfn_wakeup_fd 7 100 DDAL_SFN_SPECIFIC
CLI_OUTPUT: ret /Target1/sfn/action ddal_sfn_wakeup_fd 7 100 DDAL_SFN_SPECIFIC ==&gt; done OK retv 0
CLI_OUTPUT: /Target1/sfn/action ddal_sfn_wakeup_fd 7 100 DDAL_SFN_PERIODIC
CLI_OUTPUT: ret /Target1/sfn/action ddal_sfn_wakeup_fd 7 100 DDAL_SFN_PERIODIC ==&gt; done OK retv 0
CLI_OUTPUT: /Target1/sfn/action ddal_sfn_close_file_descriptor 7
CLI_OUTPUT: ret /Target1/sfn/action ddal_sfn_close_file_descriptor 7 ==&gt; done OK retv 0
CLI_OUTPUT: /Target1/sfn/action ddal_sfn_get_file_descriptor
CLI_OUTPUT: ret /Target1/sfn/action ddal_sfn_get_file_descriptor ==&gt; done OK retv 0 fd 7
CLI_OUTPUT: /Target1/sfn/action ddal_sfn_wakeup_fd 7 100 DDAL_SFN_PERIODIC
CLI_OUTPUT: ret /Target1/sfn/action ddal_sfn_wakeup_fd 7 100 DDAL_SFN_PERIODIC ==&gt; done OK retv 0
CLI_OUTPUT: /Target1/sfn/action ddal_sfn_wakeup_fd 7 100 DDAL_SFN_SPECIFIC
CLI_OUTPUT: ret /Target1/sfn/action ddal_sfn_wakeup_fd 7 100 DDAL_SFN_SPECIFIC ==&gt; done OK retv 0
CLI_OUTPUT: /Target1/sfn/action ddal_sfn_wakeup_fd 7 100 DDAL_SFN_PERIODIC
CLI_OUTPUT: ret /Target1/sfn/action ddal_sfn_wakeup_fd 7 100 DDAL_SFN_PERIODIC ==&gt; done OK retv 0
CLI_OUTPUT: /Target1/sfn/action ddal_sfn_close_file_descriptor 7
CLI_OUTPUT: ret /Target1/sfn/action ddal_sfn_close_file_descriptor 7 ==&gt; done OK retv 0
CLI_OUTPUT: /Target1/sfn/action ddal_sfn_get_file_descriptor
CLI_OUTPUT: ret /Target1/sfn/action ddal_sfn_get_file_descriptor ==&gt; done OK retv 0 fd 7
CLI_OUTPUT: /Target1/sfn/action ddal_sfn_wakeup_fd 7 100 DDAL_SFN_PERIODIC
CLI_OUTPUT: ret /Target1/sfn/action ddal_sfn_wakeup_fd 7 100 DDAL_SFN_PERIODIC ==&gt; done OK retv 0
CLI_OUTPUT: /Target1/sfn/action ddal_sfn_wakeup_fd 7 100 DDAL_SFN_SPECIFIC
CLI_OUTPUT: ret /Target1/sfn/action ddal_sfn_wakeup_fd 7 100 DDAL_SFN_SPECIFIC ==&gt; done OK retv 0
CLI_OUTPUT: /Target1/sfn/action ddal_sfn_wakeup_fd 7 100 DDAL_SFN_PERIODIC
CLI_OUTPUT: ret /Target1/sfn/action ddal_sfn_wakeup_fd 7 100 DDAL_SFN_PERIODIC ==&gt; done OK retv 0
CLI_OUTPUT: /Target1/sfn/action ddal_sfn_close_file_descriptor 7
CLI_OUTPUT: ret /Target1/sfn/action ddal_sfn_close_file_descriptor 7 ==&gt; done OK retv 0
CLI_OUTPUT: /Target1/sfn/action ddal_sfn_get_file_descriptor
CLI_OUTPUT: ret /Target1/sfn/action ddal_sfn_get_file_descriptor ==&gt; done OK retv 0 fd 7
CLI_OUTPUT: /Target1/sfn/action ddal_sfn_wakeup_fd 7 100 DDAL_SFN_PERIODIC
CLI_OUTPUT: ret /Target1/sfn/action ddal_sfn_wakeup_fd 7 100 DDAL_SFN_PERIODIC ==&gt; done OK retv 0
CLI_OUTPUT: /Target1/sfn/action ddal_sfn_wakeup_fd 7 100 DDAL_SFN_SPECIFIC
CLI_OUTPUT: ret /Target1/sfn/action ddal_sfn_wakeup_fd 7 100 DDAL_SFN_SPECIFIC ==&gt; done OK retv 0
CLI_OUTPUT: /Target1/sfn/action ddal_sfn_wakeup_fd 7 100 DDAL_SFN_PERIODIC
CLI_OUTPUT: ret /Target1/sfn/action ddal_sfn_wakeup_fd 7 100 DDAL_SFN_PERIODIC ==&gt; done OK retv 0
CLI_OUTPUT: /Target1/sfn/action ddal_sfn_close_file_descriptor 7
CLI_OUTPUT: ret /Target1/sfn/action ddal_sfn_close_file_descriptor 7 ==&gt; done OK retv 0
CLI_OUTPUT: /Target1/sfn/action ddal_sfn_get_file_descriptor
CLI_OUTPUT: ret /Target1/sfn/action ddal_sfn_get_file_descriptor ==&gt; done OK retv 0 fd 7
CLI_OUTPUT: /Target1/sfn/action ddal_sfn_wakeup_fd 7 100 DDAL_SFN_PERIODIC
CLI_OUTPUT: ret /Target1/sfn/action ddal_sfn_wakeup_fd 7 100 DDAL_SFN_PERIODIC ==&gt; done OK retv 0
CLI_OUTPUT: /Target1/sfn/action ddal_sfn_wakeup_fd 7 100 DDAL_SFN_SPECIFIC
CLI_OUTPUT: ret /Target1/sfn/action ddal_sfn_wakeup_fd 7 100 DDAL_SFN_SPECIFIC ==&gt; done OK retv 0
CLI_OUTPUT: /Target1/sfn/action ddal_sfn_wakeup_fd 7 100 DDAL_SFN_PERIODIC
CLI_OUTPUT: ret /Target1/sfn/action ddal_sfn_wakeup_fd 7 100 DDAL_SFN_PERIODIC ==&gt; done OK retv 0
CLI_OUTPUT: /Target1/sfn/action ddal_sfn_close_file_descriptor 7
CLI_OUTPUT: ret /Target1/sfn/action ddal_sfn_close_file_descriptor 7 ==&gt; done OK retv 0
CLI_OUTPUT: /Target1/sfn/action ddal_sfn_get_file_descriptor
CLI_OUTPUT: ret /Target1/sfn/action ddal_sfn_get_file_descriptor ==&gt; done OK retv 0 fd 7
CLI_OUTPUT: /Target1/sfn/action ddal_sfn_wakeup_fd 7 100 DDAL_SFN_PERIODIC
CLI_OUTPUT: ret /Target1/sfn/action ddal_sfn_wakeup_fd 7 100 DDAL_SFN_PERIODIC ==&gt; done OK retv 0
CLI_OUTPUT: /Target1/sfn/action ddal_sfn_wakeup_fd 7 100 DDAL_SFN_SPECIFIC
CLI_OUTPUT: ret /Target1/sfn/action ddal_sfn_wakeup_fd 7 100 DDAL_SFN_SPECIFIC ==&gt; done OK retv 0
CLI_OUTPUT: /Target1/sfn/action ddal_sfn_wakeup_fd 7 100 DDAL_SFN_PERIODIC
CLI_OUTPUT: ret /Target1/sfn/action ddal_sfn_wakeup_fd 7 100 DDAL_SFN_PERIODIC ==&gt; done OK retv 0
CLI_OUTPUT: /Target1/sfn/action ddal_sfn_close_file_descriptor 7
CLI_OUTPUT: ret /Target1/sfn/action ddal_sfn_close_file_descriptor 7 ==&gt; done OK retv 0
CLI_OUTPUT: /Target1/sfn/action ddal_sfn_get_file_descriptor
CLI_OUTPUT: ret /Target1/sfn/action ddal_sfn_get_file_descriptor ==&gt; done OK retv 0 fd 7
CLI_OUTPUT: /Target1/sfn/action ddal_sfn_wakeup_fd 7 100 DDAL_SFN_PERIODIC
CLI_OUTPUT: ret /Target1/sfn/action ddal_sfn_wakeup_fd 7 100 DDAL_SFN_PERIODIC ==&gt; done OK retv 0
CLI_OUTPUT: /Target1/sfn/action ddal_sfn_wakeup_fd 7 100 DDAL_SFN_SPECIFIC
CLI_OUTPUT: ret /Target1/sfn/action ddal_sfn_wakeup_fd 7 100 DDAL_SFN_SPECIFIC ==&gt; done OK retv 0
CLI_OUTPUT: /Target1/sfn/action ddal_sfn_wakeup_fd 7 100 DDAL_SFN_PERIODIC
CLI_OUTPUT: ret /Target1/sfn/action ddal_sfn_wakeup_fd 7 100 DDAL_SFN_PERIODIC ==&gt; done OK retv 0
CLI_OUTPUT: /Target1/sfn/action ddal_sfn_close_file_descriptor 7
CLI_OUTPUT: ret /Target1/sfn/action ddal_sfn_close_file_descriptor 7 ==&gt; done OK retv 0
CLI_OUTPUT: /Target1/sfn/action ddal_sfn_get_file_descriptor
CLI_OUTPUT: ret /Target1/sfn/action ddal_sfn_get_file_descriptor ==&gt; done OK retv 0 fd 7
CLI_OUTPUT: /Target1/sfn/action ddal_sfn_wakeup_fd 7 100 DDAL_SFN_PERIODIC
CLI_OUTPUT: ret /Target1/sfn/action ddal_sfn_wakeup_fd 7 100 DDAL_SFN_PERIODIC ==&gt; done OK retv 0
CLI_OUTPUT: /Target1/sfn/action ddal_sfn_wakeup_fd 7 100 DDAL_SFN_SPECIFIC
CLI_OUTPUT: ret /Target1/sfn/action ddal_sfn_wakeup_fd 7 100 DDAL_SFN_SPECIFIC ==&gt; done OK retv 0
CLI_OUTPUT: /Target1/sfn/action ddal_sfn_wakeup_fd 7 100 DDAL_SFN_PERIODIC
CLI_OUTPUT: ret /Target1/sfn/action ddal_sfn_wakeup_fd 7 100 DDAL_SFN_PERIODIC ==&gt; done OK retv 0
CLI_OUTPUT: /Target1/sfn/action ddal_sfn_close_file_descriptor 7
CLI_OUTPUT: ret /Target1/sfn/action ddal_sfn_close_file_descriptor 7 ==&gt; done OK retv 0
CLI_OUTPUT: /Target1/sfn/action ddal_sfn_get_file_descriptor
CLI_OUTPUT: ret /Target1/sfn/action ddal_sfn_get_file_descriptor ==&gt; done OK retv 0 fd 7
CLI_OUTPUT: /Target1/sfn/action ddal_sfn_wakeup_fd 7 100 DDAL_SFN_PERIODIC
CLI_OUTPUT: ret /Target1/sfn/action ddal_sfn_wakeup_fd 7 100 DDAL_SFN_PERIODIC ==&gt; done OK retv 0
CLI_OUTPUT: /Target1/sfn/action ddal_sfn_wakeup_fd 7 100 DDAL_SFN_SPECIFIC
CLI_OUTPUT: ret /Target1/sfn/action ddal_sfn_wakeup_fd 7 100 DDAL_SFN_SPECIFIC ==&gt; done OK retv 0
CLI_OUTPUT: /Target1/sfn/action ddal_sfn_wakeup_fd 7 100 DDAL_SFN_PERIODIC
CLI_OUTPUT: ret /Target1/sfn/action ddal_sfn_wakeup_fd 7 100 DDAL_SFN_PERIODIC ==&gt; done OK retv 0
CLI_OUTPUT: /Target1/sfn/action ddal_sfn_close_file_descriptor 7
CLI_OUTPUT: ret /Target1/sfn/action ddal_sfn_close_file_descriptor 7 ==&gt; done OK retv 0
CLI_OUTPUT: /Target1/sfn/action ddal_sfn_get_file_descriptor
CLI_OUTPUT: ret /Target1/sfn/action ddal_sfn_get_file_descriptor ==&gt; done OK retv 0 fd 7
CLI_OUTPUT: /Target1/sfn/action ddal_sfn_wakeup_fd 7 100 DDAL_SFN_PERIODIC
CLI_OUTPUT: ret /Target1/sfn/action ddal_sfn_wakeup_fd 7 100 DDAL_SFN_PERIODIC ==&gt; done OK retv 0
CLI_OUTPUT: /Target1/sfn/action ddal_sfn_wakeup_fd 7 100 DDAL_SFN_SPECIFIC
CLI_OUTPUT: ret /Target1/sfn/action ddal_sfn_wakeup_fd 7 100 DDAL_SFN_SPECIFIC ==&gt; done OK retv 0
CLI_OUTPUT: /Target1/sfn/action ddal_sfn_wakeup_fd 7 100 DDAL_SFN_PERIODIC
CLI_OUTPUT: ret /Target1/sfn/action ddal_sfn_wakeup_fd 7 100 DDAL_SFN_PERIODIC ==&gt; done OK retv 0
CLI_OUTPUT: /Target1/sfn/action ddal_sfn_close_file_descriptor 7
CLI_OUTPUT: ret /Target1/sfn/action ddal_sfn_close_file_descriptor 7 ==&gt; done OK retv 0
CLI_OUTPUT: /Target1/sfn/action ddal_sfn_get_file_descriptor
CLI_OUTPUT: ret /Target1/sfn/action ddal_sfn_get_file_descriptor ==&gt; done OK retv 0 fd 7
CLI_OUTPUT: /Target1/sfn/action ddal_sfn_wakeup_fd 7 100 DDAL_SFN_PERIODIC
CLI_OUTPUT: ret /Target1/sfn/action ddal_sfn_wakeup_fd 7 100 DDAL_SFN_PERIODIC ==&gt; done OK retv 0
CLI_OUTPUT: /Target1/sfn/action ddal_sfn_wakeup_fd 7 100 DDAL_SFN_SPECIFIC
CLI_OUTPUT: ret /Target1/sfn/action ddal_sfn_wakeup_fd 7 100 DDAL_SFN_SPECIFIC ==&gt; done OK retv 0
CLI_OUTPUT: /Target1/sfn/action ddal_sfn_wakeup_fd 7 100 DDAL_SFN_PERIODIC
CLI_OUTPUT: ret /Target1/sfn/action ddal_sfn_wakeup_fd 7 100 DDAL_SFN_PERIODIC ==&gt; done OK retv 0
CLI_OUTPUT: /Target1/sfn/action ddal_sfn_close_file_descriptor 7
CLI_OUTPUT: ret /Target1/sfn/action ddal_sfn_close_file_descriptor 7 ==&gt; done OK retv 0
CLI_OUTPUT: /Target1/sfn/action ddal_sfn_get_file_descriptor
CLI_OUTPUT: ret /Target1/sfn/action ddal_sfn_get_file_descriptor ==&gt; done OK retv 0 fd 7
CLI_OUTPUT: /Target1/sfn/action ddal_sfn_wakeup_fd 7 100 DDAL_SFN_PERIODIC
CLI_OUTPUT: ret /Target1/sfn/action ddal_sfn_wakeup_fd 7 100 DDAL_SFN_PERIODIC ==&gt; done OK retv 0
CLI_OUTPUT: /Target1/sfn/action ddal_sfn_wakeup_fd 7 100 DDAL_SFN_SPECIFIC
CLI_OUTPUT: ret /Target1/sfn/action ddal_sfn_wakeup_fd 7 100 DDAL_SFN_SPECIFIC ==&gt; done OK retv 0
CLI_OUTPUT: /Target1/sfn/action ddal_sfn_wakeup_fd 7 100 DDAL_SFN_PERIODIC
CLI_OUTPUT: ret /Target1/sfn/action ddal_sfn_wakeup_fd 7 100 DDAL_SFN_PERIODIC ==&gt; done OK retv 0
CLI_OUTPUT: /Target1/sfn/action ddal_sfn_close_file_descriptor 7
CLI_OUTPUT: ret /Target1/sfn/action ddal_sfn_close_file_descriptor 7 ==&gt; done OK retv 0
CLI_OUTPUT: /Target1/sfn/action ddal_sfn_get_file_descriptor
CLI_OUTPUT: ret /Target1/sfn/action ddal_sfn_get_file_descriptor ==&gt; done OK retv 0 fd 7
CLI_OUTPUT: /Target1/sfn/action ddal_sfn_wakeup_fd 7 100 DDAL_SFN_PERIODIC
CLI_OUTPUT: ret /Target1/sfn/action ddal_sfn_wakeup_fd 7 100 DDAL_SFN_PERIODIC ==&gt; done OK retv 0
CLI_OUTPUT: /Target1/sfn/action ddal_sfn_wakeup_fd 7 100 DDAL_SFN_SPECIFIC
CLI_OUTPUT: ret /Target1/sfn/action ddal_sfn_wakeup_fd 7 100 DDAL_SFN_SPECIFIC ==&gt; done OK retv 0
CLI_OUTPUT: /Target1/sfn/action ddal_sfn_wakeup_fd 7 100 DDAL_SFN_PERIODIC
CLI_OUTPUT: ret /Target1/sfn/action ddal_sfn_wakeup_fd 7 100 DDAL_SFN_PERIODIC ==&gt; done OK retv 0
CLI_OUTPUT: /Target1/sfn/action ddal_sfn_close_file_descriptor 7
CLI_OUTPUT: ret /Target1/sfn/action ddal_sfn_close_file_descriptor 7 ==&gt; done OK retv 0
CLI_OUTPUT: /Target1/sfn/action ddal_sfn_get_file_descriptor
CLI_OUTPUT: ret /Target1/sfn/action ddal_sfn_get_file_descriptor ==&gt; done OK retv 0 fd 7
CLI_OUTPUT: /Target1/sfn/action ddal_sfn_wakeup_fd 7 100 DDAL_SFN_PERIODIC
CLI_OUTPUT: ret /Target1/sfn/action ddal_sfn_wakeup_fd 7 100 DDAL_SFN_PERIODIC ==&gt; done OK retv 0
CLI_OUTPUT: /Target1/sfn/action ddal_sfn_wakeup_fd 7 100 DDAL_SFN_SPECIFIC
CLI_OUTPUT: ret /Target1/sfn/action ddal_sfn_wakeup_fd 7 100 DDAL_SFN_SPECIFIC ==&gt; done OK retv 0
CLI_OUTPUT: /Target1/sfn/action ddal_sfn_wakeup_fd 7 100 DDAL_SFN_PERIODIC
CLI_OUTPUT: ret /Target1/sfn/action ddal_sfn_wakeup_fd 7 100 DDAL_SFN_PERIODIC ==&gt; done OK retv 0
CLI_OUTPUT: /Target1/sfn/action ddal_sfn_close_file_descriptor 7
CLI_OUTPUT: ret /Target1/sfn/action ddal_sfn_close_file_descriptor 7 ==&gt; done OK retv 0
CLI_OUTPUT: /Target1/sfn/action ddal_sfn_get_file_descriptor
CLI_OUTPUT: ret /Target1/sfn/action ddal_sfn_get_file_descriptor ==&gt; done OK retv 0 fd 7
CLI_OUTPUT: /Target1/sfn/action ddal_sfn_wakeup_fd 7 100 DDAL_SFN_PERIODIC
CLI_OUTPUT: ret /Target1/sfn/action ddal_sfn_wakeup_fd 7 100 DDAL_SFN_PERIODIC ==&gt; done OK retv 0
CLI_OUTPUT: /Target1/sfn/action ddal_sfn_wakeup_fd 7 100 DDAL_SFN_SPECIFIC
CLI_OUTPUT: ret /Target1/sfn/action ddal_sfn_wakeup_fd 7 100 DDAL_SFN_SPECIFIC ==&gt; done OK retv 0
CLI_OUTPUT: /Target1/sfn/action ddal_sfn_wakeup_fd 7 100 DDAL_SFN_PERIODIC
CLI_OUTPUT: ret /Target1/sfn/action ddal_sfn_wakeup_fd 7 100 DDAL_SFN_PERIODIC ==&gt; done OK retv 0
CLI_OUTPUT: /Target1/sfn/action ddal_sfn_close_file_descriptor 7
CLI_OUTPUT: ret /Target1/sfn/action ddal_sfn_close_file_descriptor 7 ==&gt; done OK retv 0
CLI_OUTPUT: /Target1/sfn/action ddal_sfn_get_file_descriptor
CLI_OUTPUT: ret /Target1/sfn/action ddal_sfn_get_file_descriptor ==&gt; done OK retv 0 fd 7
CLI_OUTPUT: /Target1/sfn/action ddal_sfn_wakeup_fd 7 100 DDAL_SFN_PERIODIC
CLI_OUTPUT: ret /Target1/sfn/action ddal_sfn_wakeup_fd 7 100 DDAL_SFN_PERIODIC ==&gt; done OK retv 0
CLI_OUTPUT: /Target1/sfn/action ddal_sfn_wakeup_fd 7 100 DDAL_SFN_SPECIFIC
CLI_OUTPUT: ret /Target1/sfn/action ddal_sfn_wakeup_fd 7 100 DDAL_SFN_SPECIFIC ==&gt; done OK retv 0
CLI_OUTPUT: /Target1/sfn/action ddal_sfn_wakeup_fd 7 100 DDAL_SFN_PERIODIC
CLI_OUTPUT: ret /Target1/sfn/action ddal_sfn_wakeup_fd 7 100 DDAL_SFN_PERIODIC ==&gt; done OK retv 0
CLI_OUTPUT: /Target1/sfn/action ddal_sfn_close_file_descriptor 7
CLI_OUTPUT: ret /Target1/sfn/action ddal_sfn_close_file_descriptor 7 ==&gt; done OK retv 0
CLI_OUTPUT: /Target1/sfn/action ddal_sfn_get_file_descriptor
CLI_OUTPUT: ret /Target1/sfn/action ddal_sfn_get_file_descriptor ==&gt; done OK retv 0 fd 7
CLI_OUTPUT: /Target1/sfn/action ddal_sfn_wakeup_fd 7 100 DDAL_SFN_PERIODIC
CLI_OUTPUT: ret /Target1/sfn/action ddal_sfn_wakeup_fd 7 100 DDAL_SFN_PERIODIC ==&gt; done OK retv 0
CLI_OUTPUT: /Target1/sfn/action ddal_sfn_wakeup_fd 7 100 DDAL_SFN_SPECIFIC
CLI_OUTPUT: ret /Target1/sfn/action ddal_sfn_wakeup_fd 7 100 DDAL_SFN_SPECIFIC ==&gt; done OK retv 0
CLI_OUTPUT: /Target1/sfn/action ddal_sfn_wakeup_fd 7 100 DDAL_SFN_PERIODIC
CLI_OUTPUT: ret /Target1/sfn/action ddal_sfn_wakeup_fd 7 100 DDAL_SFN_PERIODIC ==&gt; done OK retv 0
CLI_OUTPUT: /Target1/sfn/action ddal_sfn_close_file_descriptor 7
CLI_OUTPUT: ret /Target1/sfn/action ddal_sfn_close_file_descriptor 7 ==&gt; done OK retv 0
CLI_OUTPUT: /Target1/sfn/action ddal_sfn_get_file_descriptor
CLI_OUTPUT: ret /Target1/sfn/action ddal_sfn_get_file_descriptor ==&gt; done OK retv 0 fd 7
CLI_OUTPUT: /Target1/sfn/action ddal_sfn_wakeup_fd 7 100 DDAL_SFN_PERIODIC
CLI_OUTPUT: ret /Target1/sfn/action ddal_sfn_wakeup_fd 7 100 DDAL_SFN_PERIODIC ==&gt; done OK retv 0
CLI_OUTPUT: /Target1/sfn/action ddal_sfn_wakeup_fd 7 100 DDAL_SFN_SPECIFIC
CLI_OUTPUT: ret /Target1/sfn/action ddal_sfn_wakeup_fd 7 100 DDAL_SFN_SPECIFIC ==&gt; done OK retv 0
CLI_OUTPUT: /Target1/sfn/action ddal_sfn_wakeup_fd 7 100 DDAL_SFN_PERIODIC
CLI_OUTPUT: ret /Target1/sfn/action ddal_sfn_wakeup_fd 7 100 DDAL_SFN_PERIODIC ==&gt; done OK retv 0
CLI_OUTPUT: /Target1/sfn/action ddal_sfn_close_file_descriptor 7
CLI_OUTPUT: ret /Target1/sfn/action ddal_sfn_close_file_descriptor 7 ==&gt; done OK retv 0
CLI_OUTPUT: /Target1/sfn/action ddal_sfn_get_file_descriptor
CLI_OUTPUT: ret /Target1/sfn/action ddal_sfn_get_file_descriptor ==&gt; done OK retv 0 fd 7
CLI_OUTPUT: /Target1/sfn/action ddal_sfn_wakeup_fd 7 100 DDAL_SFN_PERIODIC
CLI_OUTPUT: ret /Target1/sfn/action ddal_sfn_wakeup_fd 7 100 DDAL_SFN_PERIODIC ==&gt; done OK retv 0
CLI_OUTPUT: /Target1/sfn/action ddal_sfn_wakeup_fd 7 100 DDAL_SFN_SPECIFIC
CLI_OUTPUT: ret /Target1/sfn/action ddal_sfn_wakeup_fd 7 100 DDAL_SFN_SPECIFIC ==&gt; done OK retv 0
CLI_OUTPUT: /Target1/sfn/action ddal_sfn_wakeup_fd 7 100 DDAL_SFN_PERIODIC
CLI_OUTPUT: ret /Target1/sfn/action ddal_sfn_wakeup_fd 7 100 DDAL_SFN_PERIODIC ==&gt; done OK retv 0
CLI_OUTPUT: /Target1/sfn/action ddal_sfn_close_file_descriptor 7
CLI_OUTPUT: ret /Target1/sfn/action ddal_sfn_close_file_descriptor 7 ==&gt; done OK retv 0
CLI_OUTPUT: /Target1/sfn/action ddal_sfn_get_file_descriptor
CLI_OUTPUT: ret /Target1/sfn/action ddal_sfn_get_file_descriptor ==&gt; done OK retv 0 fd 7
CLI_OUTPUT: /Target1/sfn/action ddal_sfn_wakeup_fd 7 100 DDAL_SFN_PERIODIC
CLI_OUTPUT: ret /Target1/sfn/action ddal_sfn_wakeup_fd 7 100 DDAL_SFN_PERIODIC ==&gt; done OK retv 0
CLI_OUTPUT: /Target1/sfn/action ddal_sfn_wakeup_fd 7 100 DDAL_SFN_SPECIFIC
CLI_OUTPUT: ret /Target1/sfn/action ddal_sfn_wakeup_fd 7 100 DDAL_SFN_SPECIFIC ==&gt; done OK retv 0
CLI_OUTPUT: /Target1/sfn/action ddal_sfn_wakeup_fd 7 100 DDAL_SFN_PERIODIC
CLI_OUTPUT: ret /Target1/sfn/action ddal_sfn_wakeup_fd 7 100 DDAL_SFN_PERIODIC ==&gt; done OK retv 0
CLI_OUTPUT: /Target1/sfn/action ddal_sfn_close_file_descriptor 7
CLI_OUTPUT: ret /Target1/sfn/action ddal_sfn_close_file_descriptor 7 ==&gt; done OK retv 0
CLI_OUTPUT: /Target1/sfn/action ddal_sfn_get_file_descriptor
CLI_OUTPUT: ret /Target1/sfn/action ddal_sfn_get_file_descriptor ==&gt; done OK retv 0 fd 7
CLI_OUTPUT: /Target1/sfn/action ddal_sfn_wakeup_fd 7 100 DDAL_SFN_PERIODIC
CLI_OUTPUT: ret /Target1/sfn/action ddal_sfn_wakeup_fd 7 100 DDAL_SFN_PERIODIC ==&gt; done OK retv 0
CLI_OUTPUT: /Target1/sfn/action ddal_sfn_wakeup_fd 7 100 DDAL_SFN_SPECIFIC
CLI_OUTPUT: ret /Target1/sfn/action ddal_sfn_wakeup_fd 7 100 DDAL_SFN_SPECIFIC ==&gt; done OK retv 0
CLI_OUTPUT: /Target1/sfn/action ddal_sfn_wakeup_fd 7 100 DDAL_SFN_PERIODIC
CLI_OUTPUT: ret /Target1/sfn/action ddal_sfn_wakeup_fd 7 100 DDAL_SFN_PERIODIC ==&gt; done OK retv 0
CLI_OUTPUT: /Target1/sfn/action ddal_sfn_close_file_descriptor 7
CLI_OUTPUT: ret /Target1/sfn/action ddal_sfn_close_file_descriptor 7 ==&gt; done OK retv 0
CLI_OUTPUT: /Target1/sfn/action ddal_sfn_get_file_descriptor
CLI_OUTPUT: ret /Target1/sfn/action ddal_sfn_get_file_descriptor ==&gt; done OK retv 0 fd 7
CLI_OUTPUT: /Target1/sfn/action ddal_sfn_wakeup_fd 7 100 DDAL_SFN_PERIODIC
CLI_OUTPUT: ret /Target1/sfn/action ddal_sfn_wakeup_fd 7 100 DDAL_SFN_PERIODIC ==&gt; done OK retv 0
CLI_OUTPUT: /Target1/sfn/action ddal_sfn_wakeup_fd 7 100 DDAL_SFN_SPECIFIC
CLI_OUTPUT: ret /Target1/sfn/action ddal_sfn_wakeup_fd 7 100 DDAL_SFN_SPECIFIC ==&gt; done OK retv 0
CLI_OUTPUT: /Target1/sfn/action ddal_sfn_wakeup_fd 7 100 DDAL_SFN_PERIODIC
CLI_OUTPUT: ret /Target1/sfn/action ddal_sfn_wakeup_fd 7 100 DDAL_SFN_PERIODIC ==&gt; done OK retv 0
CLI_OUTPUT: /Target1/sfn/action ddal_sfn_close_file_descriptor 7
CLI_OUTPUT: ret /Target1/sfn/action ddal_sfn_close_file_descriptor 7 ==&gt; done OK retv 0
CLI_OUTPUT: /Target1/sfn/action ddal_sfn_get_file_descriptor
CLI_OUTPUT: ret /Target1/sfn/action ddal_sfn_get_file_descriptor ==&gt; done OK retv 0 fd 7
CLI_OUTPUT: /Target1/sfn/action ddal_sfn_wakeup_fd 7 100 DDAL_SFN_PERIODIC
CLI_OUTPUT: ret /Target1/sfn/action ddal_sfn_wakeup_fd 7 100 DDAL_SFN_PERIODIC ==&gt; done OK retv 0
CLI_OUTPUT: /Target1/sfn/action ddal_sfn_wakeup_fd 7 100 DDAL_SFN_SPECIFIC
CLI_OUTPUT: ret /Target1/sfn/action ddal_sfn_wakeup_fd 7 100 DDAL_SFN_SPECIFIC ==&gt; done OK retv 0
CLI_OUTPUT: /Target1/sfn/action ddal_sfn_wakeup_fd 7 100 DDAL_SFN_PERIODIC
CLI_OUTPUT: ret /Target1/sfn/action ddal_sfn_wakeup_fd 7 100 DDAL_SFN_PERIODIC ==&gt; done OK retv 0
CLI_OUTPUT: /Target1/sfn/action ddal_sfn_close_file_descriptor 7
CLI_OUTPUT: ret /Target1/sfn/action ddal_sfn_close_file_descriptor 7 ==&gt; done OK retv 0
CLI_OUTPUT: /Target1/sfn/action ddal_sfn_get_file_descriptor
CLI_OUTPUT: ret /Target1/sfn/action ddal_sfn_get_file_descriptor ==&gt; done OK retv 0 fd 7
CLI_OUTPUT: /Target1/sfn/action ddal_sfn_wakeup_fd 7 100 DDAL_SFN_PERIODIC
CLI_OUTPUT: ret /Target1/sfn/action ddal_sfn_wakeup_fd 7 100 DDAL_SFN_PERIODIC ==&gt; done OK retv 0
CLI_OUTPUT: /Target1/sfn/action ddal_sfn_wakeup_fd 7 100 DDAL_SFN_SPECIFIC
CLI_OUTPUT: ret /Target1/sfn/action ddal_sfn_wakeup_fd 7 100 DDAL_SFN_SPECIFIC ==&gt; done OK retv 0
CLI_OUTPUT: /Target1/sfn/action ddal_sfn_wakeup_fd 7 100 DDAL_SFN_PERIODIC
CLI_OUTPUT: ret /Target1/sfn/action ddal_sfn_wakeup_fd 7 100 DDAL_SFN_PERIODIC ==&gt; done OK retv 0
CLI_OUTPUT: /Target1/sfn/action ddal_sfn_close_file_descriptor 7
CLI_OUTPUT: ret /Target1/sfn/action ddal_sfn_close_file_descriptor 7 ==&gt; done OK retv 0
CLI_OUTPUT: /Target1/sfn/action ddal_sfn_get_file_descriptor
CLI_OUTPUT: ret /Target1/sfn/action ddal_sfn_get_file_descriptor ==&gt; done OK retv 0 fd 7
CLI_OUTPUT: /Target1/sfn/action ddal_sfn_wakeup_fd 7 100 DDAL_SFN_PERIODIC
CLI_OUTPUT: ret /Target1/sfn/action ddal_sfn_wakeup_fd 7 100 DDAL_SFN_PERIODIC ==&gt; done OK retv 0
CLI_OUTPUT: /Target1/sfn/action ddal_sfn_wakeup_fd 7 100 DDAL_SFN_SPECIFIC
CLI_OUTPUT: ret /Target1/sfn/action ddal_sfn_wakeup_fd 7 100 DDAL_SFN_SPECIFIC ==&gt; done OK retv 0
CLI_OUTPUT: /Target1/sfn/action ddal_sfn_wakeup_fd 7 100 DDAL_SFN_PERIODIC
CLI_OUTPUT: ret /Target1/sfn/action ddal_sfn_wakeup_fd 7 100 DDAL_SFN_PERIODIC ==&gt; done OK retv 0
CLI_OUTPUT: /Target1/sfn/action ddal_sfn_close_file_descriptor 7
CLI_OUTPUT: ret /Target1/sfn/action ddal_sfn_close_file_descriptor 7 ==&gt; done OK retv 0
CLI_OUTPUT: /Target1/sfn/action ddal_sfn_get_file_descriptor
CLI_OUTPUT: ret /Target1/sfn/action ddal_sfn_get_file_descriptor ==&gt; done OK retv 0 fd 7
CLI_OUTPUT: /Target1/sfn/action ddal_sfn_wakeup_fd 7 100 DDAL_SFN_PERIODIC
CLI_OUTPUT: ret /Target1/sfn/action ddal_sfn_wakeup_fd 7 100 DDAL_SFN_PERIODIC ==&gt; done OK retv 0
CLI_OUTPUT: /Target1/sfn/action ddal_sfn_wakeup_fd 7 100 DDAL_SFN_SPECIFIC
CLI_OUTPUT: ret /Target1/sfn/action ddal_sfn_wakeup_fd 7 100 DDAL_SFN_SPECIFIC ==&gt; done OK retv 0
CLI_OUTPUT: /Target1/sfn/action ddal_sfn_wakeup_fd 7 100 DDAL_SFN_PERIODIC
CLI_OUTPUT: ret /Target1/sfn/action ddal_sfn_wakeup_fd 7 100 DDAL_SFN_PERIODIC ==&gt; done OK retv 0
CLI_OUTPUT: /Target1/sfn/action ddal_sfn_close_file_descriptor 7
CLI_OUTPUT: ret /Target1/sfn/action ddal_sfn_close_file_descriptor 7 ==&gt; done OK retv 0
CLI_OUTPUT: /Target1/sfn/action ddal_sfn_get_file_descriptor
CLI_OUTPUT: ret /Target1/sfn/action ddal_sfn_get_file_descriptor ==&gt; done OK retv 0 fd 7
CLI_OUTPUT: /Target1/sfn/action ddal_sfn_wakeup_fd 7 100 DDAL_SFN_PERIODIC
CLI_OUTPUT: ret /Target1/sfn/action ddal_sfn_wakeup_fd 7 100 DDAL_SFN_PERIODIC ==&gt; done OK retv 0
CLI_OUTPUT: /Target1/sfn/action ddal_sfn_wakeup_fd 7 100 DDAL_SFN_SPECIFIC
CLI_OUTPUT: ret /Target1/sfn/action ddal_sfn_wakeup_fd 7 100 DDAL_SFN_SPECIFIC ==&gt; done OK retv 0
CLI_OUTPUT: /Target1/sfn/action ddal_sfn_wakeup_fd 7 100 DDAL_SFN_PERIODIC
CLI_OUTPUT: ret /Target1/sfn/action ddal_sfn_wakeup_fd 7 100 DDAL_SFN_PERIODIC ==&gt; done OK retv 0
CLI_OUTPUT: /Target1/sfn/action ddal_sfn_close_file_descriptor 7
CLI_OUTPUT: ret /Target1/sfn/action ddal_sfn_close_file_descriptor 7 ==&gt; done OK retv 0
CLI_OUTPUT: /Target1/sfn/action ddal_sfn_get_file_descriptor
CLI_OUTPUT: ret /Target1/sfn/action ddal_sfn_get_file_descriptor ==&gt; done OK retv 0 fd 7
CLI_OUTPUT: /Target1/sfn/action ddal_sfn_wakeup_fd 7 100 DDAL_SFN_PERIODIC
CLI_OUTPUT: ret /Target1/sfn/action ddal_sfn_wakeup_fd 7 100 DDAL_SFN_PERIODIC ==&gt; done OK retv 0
CLI_OUTPUT: /Target1/sfn/action ddal_sfn_wakeup_fd 7 100 DDAL_SFN_SPECIFIC
CLI_OUTPUT: ret /Target1/sfn/action ddal_sfn_wakeup_fd 7 100 DDAL_SFN_SPECIFIC ==&gt; done OK retv 0
CLI_OUTPUT: /Target1/sfn/action ddal_sfn_wakeup_fd 7 100 DDAL_SFN_PERIODIC
CLI_OUTPUT: ret /Target1/sfn/action ddal_sfn_wakeup_fd 7 100 DDAL_SFN_PERIODIC ==&gt; done OK retv 0
CLI_OUTPUT: /Target1/sfn/action ddal_sfn_close_file_descriptor 7
CLI_OUTPUT: ret /Target1/sfn/action ddal_sfn_close_file_descriptor 7 ==&gt; done OK retv 0
CLI_OUTPUT: /Target1/sfn/action ddal_sfn_get_file_descriptor
CLI_OUTPUT: ret /Target1/sfn/action ddal_sfn_get_file_descriptor ==&gt; done OK retv 0 fd 7
CLI_OUTPUT: /Target1/sfn/action ddal_sfn_wakeup_fd 7 100 DDAL_SFN_PERIODIC
CLI_OUTPUT: ret /Target1/sfn/action ddal_sfn_wakeup_fd 7 100 DDAL_SFN_PERIODIC ==&gt; done OK retv 0
CLI_OUTPUT: /Target1/sfn/action ddal_sfn_wakeup_fd 7 100 DDAL_SFN_SPECIFIC
CLI_OUTPUT: ret /Target1/sfn/action ddal_sfn_wakeup_fd 7 100 DDAL_SFN_SPECIFIC ==&gt; done OK retv 0
CLI_OUTPUT: /Target1/sfn/action ddal_sfn_wakeup_fd 7 100 DDAL_SFN_PERIODIC
CLI_OUTPUT: ret /Target1/sfn/action ddal_sfn_wakeup_fd 7 100 DDAL_SFN_PERIODIC ==&gt; done OK retv 0
CLI_OUTPUT: /Target1/sfn/action ddal_sfn_close_file_descriptor 7
CLI_OUTPUT: ret /Target1/sfn/action ddal_sfn_close_file_descriptor 7 ==&gt; done OK retv 0
CLI_OUTPUT: /Target1/sfn/action ddal_sfn_get_file_descriptor
CLI_OUTPUT: ret /Target1/sfn/action ddal_sfn_get_file_descriptor ==&gt; done OK retv 0 fd 7
CLI_OUTPUT: /Target1/sfn/action ddal_sfn_wakeup_fd 7 100 DDAL_SFN_PERIODIC
CLI_OUTPUT: ret /Target1/sfn/action ddal_sfn_wakeup_fd 7 100 DDAL_SFN_PERIODIC ==&gt; done OK retv 0
CLI_OUTPUT: /Target1/sfn/action ddal_sfn_wakeup_fd 7 100 DDAL_SFN_SPECIFIC
CLI_OUTPUT: ret /Target1/sfn/action ddal_sfn_wakeup_fd 7 100 DDAL_SFN_SPECIFIC ==&gt; done OK retv 0
CLI_OUTPUT: /Target1/sfn/action ddal_sfn_wakeup_fd 7 100 DDAL_SFN_PERIODIC
CLI_OUTPUT: ret /Target1/sfn/action ddal_sfn_wakeup_fd 7 100 DDAL_SFN_PERIODIC ==&gt; done OK retv 0
CLI_OUTPUT: /Target1/sfn/action ddal_sfn_close_file_descriptor 7
CLI_OUTPUT: ret /Target1/sfn/action ddal_sfn_close_file_descriptor 7 ==&gt; done OK retv 0
CLI_OUTPUT: /Target1/sfn/action ddal_sfn_get_file_descriptor
CLI_OUTPUT: ret /Target1/sfn/action ddal_sfn_get_file_descriptor ==&gt; done OK retv 0 fd 7
CLI_OUTPUT: /Target1/sfn/action ddal_sfn_wakeup_fd 7 100 DDAL_SFN_PERIODIC
CLI_OUTPUT: ret /Target1/sfn/action ddal_sfn_wakeup_fd 7 100 DDAL_SFN_PERIODIC ==&gt; done OK retv 0
CLI_OUTPUT: /Target1/sfn/action ddal_sfn_wakeup_fd 7 100 DDAL_SFN_SPECIFIC
CLI_OUTPUT: ret /Target1/sfn/action ddal_sfn_wakeup_fd 7 100 DDAL_SFN_SPECIFIC ==&gt; done OK retv 0
CLI_OUTPUT: /Target1/sfn/action ddal_sfn_wakeup_fd 7 100 DDAL_SFN_PERIODIC
CLI_OUTPUT: ret /Target1/sfn/action ddal_sfn_wakeup_fd 7 100 DDAL_SFN_PERIODIC ==&gt; done OK retv 0
CLI_OUTPUT: /Target1/sfn/action ddal_sfn_close_file_descriptor 7
CLI_OUTPUT: ret /Target1/sfn/action ddal_sfn_close_file_descriptor 7 ==&gt; done OK retv 0
CLI_OUTPUT: /Target1/sfn/action ddal_sfn_get_file_descriptor
CLI_OUTPUT: ret /Target1/sfn/action ddal_sfn_get_file_descriptor ==&gt; done OK retv 0 fd 7
CLI_OUTPUT: /Target1/sfn/action ddal_sfn_wakeup_fd 7 100 DDAL_SFN_PERIODIC
CLI_OUTPUT: ret /Target1/sfn/action ddal_sfn_wakeup_fd 7 100 DDAL_SFN_PERIODIC ==&gt; done OK retv 0
CLI_OUTPUT: /Target1/sfn/action ddal_sfn_wakeup_fd 7 100 DDAL_SFN_SPECIFIC
CLI_OUTPUT: ret /Target1/sfn/action ddal_sfn_wakeup_fd 7 100 DDAL_SFN_SPECIFIC ==&gt; done OK retv 0
CLI_OUTPUT: /Target1/sfn/action ddal_sfn_wakeup_fd 7 100 DDAL_SFN_PERIODIC
CLI_OUTPUT: ret /Target1/sfn/action ddal_sfn_wakeup_fd 7 100 DDAL_SFN_PERIODIC ==&gt; done OK retv 0
CLI_OUTPUT: /Target1/sfn/action ddal_sfn_close_file_descriptor 7
CLI_OUTPUT: ret /Target1/sfn/action ddal_sfn_close_file_descriptor 7 ==&gt; done OK retv 0
CLI_OUTPUT: /Target1/sfn/action ddal_sfn_get_file_descriptor
CLI_OUTPUT: ret /Target1/sfn/action ddal_sfn_get_file_descriptor ==&gt; done OK retv 0 fd 7
CLI_OUTPUT: /Target1/sfn/action ddal_sfn_wakeup_fd 7 100 DDAL_SFN_PERIODIC
CLI_OUTPUT: ret /Target1/sfn/action ddal_sfn_wakeup_fd 7 100 DDAL_SFN_PERIODIC ==&gt; done OK retv 0
CLI_OUTPUT: /Target1/sfn/action ddal_sfn_wakeup_fd 7 100 DDAL_SFN_SPECIFIC
CLI_OUTPUT: ret /Target1/sfn/action ddal_sfn_wakeup_fd 7 100 DDAL_SFN_SPECIFIC ==&gt; done OK retv 0
CLI_OUTPUT: /Target1/sfn/action ddal_sfn_wakeup_fd 7 100 DDAL_SFN_PERIODIC
CLI_OUTPUT: ret /Target1/sfn/action ddal_sfn_wakeup_fd 7 100 DDAL_SFN_PERIODIC ==&gt; done OK retv 0
CLI_OUTPUT: /Target1/sfn/action ddal_sfn_close_file_descriptor 7
CLI_OUTPUT: ret /Target1/sfn/action ddal_sfn_close_file_descriptor 7 ==&gt; done OK retv 0
CLI_OUTPUT: /Target1/sfn/action ddal_sfn_get_file_descriptor
CLI_OUTPUT: ret /Target1/sfn/action ddal_sfn_get_file_descriptor ==&gt; done OK retv 0 fd 7
CLI_OUTPUT: /Target1/sfn/action ddal_sfn_wakeup_fd 7 100 DDAL_SFN_PERIODIC
CLI_OUTPUT: ret /Target1/sfn/action ddal_sfn_wakeup_fd 7 100 DDAL_SFN_PERIODIC ==&gt; done OK retv 0
CLI_OUTPUT: /Target1/sfn/action ddal_sfn_wakeup_fd 7 100 DDAL_SFN_SPECIFIC
CLI_OUTPUT: ret /Target1/sfn/action ddal_sfn_wakeup_fd 7 100 DDAL_SFN_SPECIFIC ==&gt; done OK retv 0
CLI_OUTPUT: /Target1/sfn/action ddal_sfn_wakeup_fd 7 100 DDAL_SFN_PERIODIC
CLI_OUTPUT: ret /Target1/sfn/action ddal_sfn_wakeup_fd 7 100 DDAL_SFN_PERIODIC ==&gt; done OK retv 0
CLI_OUTPUT: /Target1/sfn/action ddal_sfn_close_file_descriptor 7
CLI_OUTPUT: ret /Target1/sfn/action ddal_sfn_close_file_descriptor 7 ==&gt; done OK retv 0
CLI_OUTPUT: /Target1/sfn/action ddal_sfn_get_file_descriptor
CLI_OUTPUT: ret /Target1/sfn/action ddal_sfn_get_file_descriptor ==&gt; done OK retv 0 fd 7
CLI_OUTPUT: /Target1/sfn/action ddal_sfn_wakeup_fd 7 100 DDAL_SFN_PERIODIC
CLI_OUTPUT: ret /Target1/sfn/action ddal_sfn_wakeup_fd 7 100 DDAL_SFN_PERIODIC ==&gt; done OK retv 0
CLI_OUTPUT: /Target1/sfn/action ddal_sfn_wakeup_fd 7 100 DDAL_SFN_SPECIFIC
CLI_OUTPUT: ret /Target1/sfn/action ddal_sfn_wakeup_fd 7 100 DDAL_SFN_SPECIFIC ==&gt; done OK retv 0
CLI_OUTPUT: /Target1/sfn/action ddal_sfn_wakeup_fd 7 100 DDAL_SFN_PERIODIC
CLI_OUTPUT: ret /Target1/sfn/action ddal_sfn_wakeup_fd 7 100 DDAL_SFN_PERIODIC ==&gt; done OK retv 0
CLI_OUTPUT: /Target1/sfn/action ddal_sfn_close_file_descriptor 7
CLI_OUTPUT: ret /Target1/sfn/action ddal_sfn_close_file_descriptor 7 ==&gt; done OK retv 0
CLI_OUTPUT: /Target1/sfn/action ddal_sfn_get_file_descriptor
CLI_OUTPUT: ret /Target1/sfn/action ddal_sfn_get_file_descriptor ==&gt; done OK retv 0 fd 7
CLI_OUTPUT: /Target1/sfn/action ddal_sfn_wakeup_fd 7 100 DDAL_SFN_PERIODIC
CLI_OUTPUT: ret /Target1/sfn/action ddal_sfn_wakeup_fd 7 100 DDAL_SFN_PERIODIC ==&gt; done OK retv 0
CLI_OUTPUT: /Target1/sfn/action ddal_sfn_wakeup_fd 7 100 DDAL_SFN_SPECIFIC
CLI_OUTPUT: ret /Target1/sfn/action ddal_sfn_wakeup_fd 7 100 DDAL_SFN_SPECIFIC ==&gt; done OK retv 0
CLI_OUTPUT: /Target1/sfn/action ddal_sfn_wakeup_fd 7 100 DDAL_SFN_PERIODIC
CLI_OUTPUT: ret /Target1/sfn/action ddal_sfn_wakeup_fd 7 100 DDAL_SFN_PERIODIC ==&gt; done OK retv 0
CLI_OUTPUT: /Target1/sfn/action ddal_sfn_close_file_descriptor 7
CLI_OUTPUT: ret /Target1/sfn/action ddal_sfn_close_file_descriptor 7 ==&gt; done OK retv 0
CLI_OUTPUT: /Target1/sfn/action ddal_sfn_get_file_descriptor
CLI_OUTPUT: ret /Target1/sfn/action ddal_sfn_get_file_descriptor ==&gt; done OK retv 0 fd 7
CLI_OUTPUT: /Target1/sfn/action ddal_sfn_wakeup_fd 7 100 DDAL_SFN_PERIODIC
CLI_OUTPUT: ret /Target1/sfn/action ddal_sfn_wakeup_fd 7 100 DDAL_SFN_PERIODIC ==&gt; done OK retv 0
CLI_OUTPUT: /Target1/sfn/action ddal_sfn_wakeup_fd 7 100 DDAL_SFN_SPECIFIC
CLI_OUTPUT: ret /Target1/sfn/action ddal_sfn_wakeup_fd 7 100 DDAL_SFN_SPECIFIC ==&gt; done OK retv 0
CLI_OUTPUT: /Target1/sfn/action ddal_sfn_wakeup_fd 7 100 DDAL_SFN_PERIODIC
CLI_OUTPUT: ret /Target1/sfn/action ddal_sfn_wakeup_fd 7 100 DDAL_SFN_PERIODIC ==&gt; done OK retv 0
CLI_OUTPUT: /Target1/sfn/action ddal_sfn_close_file_descriptor 7
CLI_OUTPUT: ret /Target1/sfn/action ddal_sfn_close_file_descriptor 7 ==&gt; done OK retv 0
SCR_OUTPUT: alternate_open_close_loops 50
CLI_OUTPUT: /Target1/sfn/action ddal_sfn_get_file_descriptor
CLI_OUTPUT: ret /Target1/sfn/action ddal_sfn_get_file_descriptor ==&gt; done OK retv 0 fd 7
CLI_OUTPUT: /Target1/sfn/action ddal_sfn_wakeup_fd 7 100 DDAL_SFN_PERIODIC
CLI_OUTPUT: ret /Target1/sfn/action ddal_sfn_wakeup_fd 7 100 DDAL_SFN_PERIODIC ==&gt; done OK retv 0
CLI_OUTPUT: /Target1/sfn/action ddal_sfn_wakeup_fd 7 100 DDAL_SFN_SPECIFIC
CLI_OUTPUT: ret /Target1/sfn/action ddal_sfn_wakeup_fd 7 100 DDAL_SFN_SPECIFIC ==&gt; done OK retv 0
CLI_OUTPUT: /Target1/sfn/action ddal_sfn_wakeup_fd 7 100 DDAL_SFN_PERIODIC
CLI_OUTPUT: ret /Target1/sfn/action ddal_sfn_wakeup_fd 7 100 DDAL_SFN_PERIODIC ==&gt; done OK retv 0
CLI_OUTPUT: /Target1/sfn/action ddal_sfn_close_file_descriptor 7
CLI_OUTPUT: ret /Target1/sfn/action ddal_sfn_close_file_descriptor 7 ==&gt; done OK retv 0
CLI_OUTPUT: /Target1/sfn/action ddal_sfn_get_file_descriptor
CLI_OUTPUT: ret /Target1/sfn/action ddal_sfn_get_file_descriptor ==&gt; done OK retv 0 fd 7
CLI_OUTPUT: /Target1/sfn/action ddal_sfn_wakeup_fd 7 100 DDAL_SFN_PERIODIC
CLI_OUTPUT: ret /Target1/sfn/action ddal_sfn_wakeup_fd 7 100 DDAL_SFN_PERIODIC ==&gt; done OK retv 0
CLI_OUTPUT: /Target1/sfn/action ddal_sfn_wakeup_fd 7 100 DDAL_SFN_SPECIFIC
CLI_OUTPUT: ret /Target1/sfn/action ddal_sfn_wakeup_fd 7 100 DDAL_SFN_SPECIFIC ==&gt; done OK retv 0
CLI_OUTPUT: /Target1/sfn/action ddal_sfn_wakeup_fd 7 100 DDAL_SFN_PERIODIC
CLI_OUTPUT: ret /Target1/sfn/action ddal_sfn_wakeup_fd 7 100 DDAL_SFN_PERIODIC ==&gt; done OK retv 0
CLI_OUTPUT: /Target1/sfn/action ddal_sfn_close_file_descriptor 7
CLI_OUTPUT: ret /Target1/sfn/action ddal_sfn_close_file_descriptor 7 ==&gt; done OK retv 0
CLI_OUTPUT: /Target1/sfn/action ddal_sfn_get_file_descriptor
CLI_OUTPUT: ret /Target1/sfn/action ddal_sfn_get_file_descriptor ==&gt; done OK retv 0 fd 7
CLI_OUTPUT: /Target1/sfn/action ddal_sfn_wakeup_fd 7 100 DDAL_SFN_PERIODIC
CLI_OUTPUT: ret /Target1/sfn/action ddal_sfn_wakeup_fd 7 100 DDAL_SFN_PERIODIC ==&gt; done OK retv 0
CLI_OUTPUT: /Target1/sfn/action ddal_sfn_wakeup_fd 7 100 DDAL_SFN_SPECIFIC
CLI_OUTPUT: ret /Target1/sfn/action ddal_sfn_wakeup_fd 7 100 DDAL_SFN_SPECIFIC ==&gt; done OK retv 0
CLI_OUTPUT: /Target1/sfn/action ddal_sfn_wakeup_fd 7 100 DDAL_SFN_PERIODIC
CLI_OUTPUT: ret /Target1/sfn/action ddal_sfn_wakeup_fd 7 100 DDAL_SFN_PERIODIC ==&gt; done OK retv 0
CLI_OUTPUT: /Target1/sfn/action ddal_sfn_close_file_descriptor 7
CLI_OUTPUT: ret /Target1/sfn/action ddal_sfn_close_file_descriptor 7 ==&gt; done OK retv 0
CLI_OUTPUT: /Target1/sfn/action ddal_sfn_get_file_descriptor
CLI_OUTPUT: ret /Target1/sfn/action ddal_sfn_get_file_descriptor ==&gt; done OK retv 0 fd 7
CLI_OUTPUT: /Target1/sfn/action ddal_sfn_wakeup_fd 7 100 DDAL_SFN_PERIODIC
CLI_OUTPUT: ret /Target1/sfn/action ddal_sfn_wakeup_fd 7 100 DDAL_SFN_PERIODIC ==&gt; done OK retv 0
CLI_OUTPUT: /Target1/sfn/action ddal_sfn_wakeup_fd 7 100 DDAL_SFN_SPECIFIC
CLI_OUTPUT: ret /Target1/sfn/action ddal_sfn_wakeup_fd 7 100 DDAL_SFN_SPECIFIC ==&gt; done OK retv 0
CLI_OUTPUT: /Target1/sfn/action ddal_sfn_wakeup_fd 7 100 DDAL_SFN_PERIODIC
CLI_OUTPUT: ret /Target1/sfn/action ddal_sfn_wakeup_fd 7 100 DDAL_SFN_PERIODIC ==&gt; done OK retv 0
CLI_OUTPUT: /Target1/sfn/action ddal_sfn_close_file_descriptor 7
CLI_OUTPUT: ret /Target1/sfn/action ddal_sfn_close_file_descriptor 7 ==&gt; done OK retv 0
CLI_OUTPUT: /Target1/sfn/action ddal_sfn_get_file_descriptor
CLI_OUTPUT: ret /Target1/sfn/action ddal_sfn_get_file_descriptor ==&gt; done OK retv 0 fd 7
CLI_OUTPUT: /Target1/sfn/action ddal_sfn_wakeup_fd 7 100 DDAL_SFN_PERIODIC
CLI_OUTPUT: ret /Target1/sfn/action ddal_sfn_wakeup_fd 7 100 DDAL_SFN_PERIODIC ==&gt; done OK retv 0
CLI_OUTPUT: /Target1/sfn/action ddal_sfn_wakeup_fd 7 100 DDAL_SFN_SPECIFIC
CLI_OUTPUT: ret /Target1/sfn/action ddal_sfn_wakeup_fd 7 100 DDAL_SFN_SPECIFIC ==&gt; done OK retv 0
CLI_OUTPUT: /Target1/sfn/action ddal_sfn_wakeup_fd 7 100 DDAL_SFN_PERIODIC
CLI_OUTPUT: ret /Target1/sfn/action ddal_sfn_wakeup_fd 7 100 DDAL_SFN_PERIODIC ==&gt; done OK retv 0
CLI_OUTPUT: /Target1/sfn/action ddal_sfn_close_file_descriptor 7
CLI_OUTPUT: ret /Target1/sfn/action ddal_sfn_close_file_descriptor 7 ==&gt; done OK retv 0
CLI_OUTPUT: /Target1/sfn/action ddal_sfn_get_file_descriptor
CLI_OUTPUT: ret /Target1/sfn/action ddal_sfn_get_file_descriptor ==&gt; done OK retv 0 fd 7
CLI_OUTPUT: /Target1/sfn/action ddal_sfn_wakeup_fd 7 100 DDAL_SFN_PERIODIC
CLI_OUTPUT: ret /Target1/sfn/action ddal_sfn_wakeup_fd 7 100 DDAL_SFN_PERIODIC ==&gt; done OK retv 0
CLI_OUTPUT: /Target1/sfn/action ddal_sfn_wakeup_fd 7 100 DDAL_SFN_SPECIFIC
CLI_OUTPUT: ret /Target1/sfn/action ddal_sfn_wakeup_fd 7 100 DDAL_SFN_SPECIFIC ==&gt; done OK retv 0
CLI_OUTPUT: /Target1/sfn/action ddal_sfn_wakeup_fd 7 100 DDAL_SFN_PERIODIC
CLI_OUTPUT: ret /Target1/sfn/action ddal_sfn_wakeup_fd 7 100 DDAL_SFN_PERIODIC ==&gt; done OK retv 0
CLI_OUTPUT: /Target1/sfn/action ddal_sfn_close_file_descriptor 7
CLI_OUTPUT: ret /Target1/sfn/action ddal_sfn_close_file_descriptor 7 ==&gt; done OK retv 0
CLI_OUTPUT: /Target1/sfn/action ddal_sfn_get_file_descriptor
CLI_OUTPUT: ret /Target1/sfn/action ddal_sfn_get_file_descriptor ==&gt; done OK retv 0 fd 7
CLI_OUTPUT: /Target1/sfn/action ddal_sfn_wakeup_fd 7 100 DDAL_SFN_PERIODIC
CLI_OUTPUT: ret /Target1/sfn/action ddal_sfn_wakeup_fd 7 100 DDAL_SFN_PERIODIC ==&gt; done OK retv 0
CLI_OUTPUT: /Target1/sfn/action ddal_sfn_wakeup_fd 7 100 DDAL_SFN_SPECIFIC
CLI_OUTPUT: ret /Target1/sfn/action ddal_sfn_wakeup_fd 7 100 DDAL_SFN_SPECIFIC ==&gt; done OK retv 0
CLI_OUTPUT: /Target1/sfn/action ddal_sfn_wakeup_fd 7 100 DDAL_SFN_PERIODIC
CLI_OUTPUT: ret /Target1/sfn/action ddal_sfn_wakeup_fd 7 100 DDAL_SFN_PERIODIC ==&gt; done OK retv 0
CLI_OUTPUT: /Target1/sfn/action ddal_sfn_close_file_descriptor 7
CLI_OUTPUT: ret /Target1/sfn/action ddal_sfn_close_file_descriptor 7 ==&gt; done OK retv 0
CLI_OUTPUT: /Target1/sfn/action ddal_sfn_get_file_descriptor
CLI_OUTPUT: ret /Target1/sfn/action ddal_sfn_get_file_descriptor ==&gt; done OK retv 0 fd 7
CLI_OUTPUT: /Target1/sfn/action ddal_sfn_wakeup_fd 7 100 DDAL_SFN_PERIODIC
CLI_OUTPUT: ret /Target1/sfn/action ddal_sfn_wakeup_fd 7 100 DDAL_SFN_PERIODIC ==&gt; done OK retv 0
CLI_OUTPUT: /Target1/sfn/action ddal_sfn_wakeup_fd 7 100 DDAL_SFN_SPECIFIC
CLI_OUTPUT: ret /Target1/sfn/action ddal_sfn_wakeup_fd 7 100 DDAL_SFN_SPECIFIC ==&gt; done OK retv 0
CLI_OUTPUT: /Target1/sfn/action ddal_sfn_wakeup_fd 7 100 DDAL_SFN_PERIODIC
CLI_OUTPUT: ret /Target1/sfn/action ddal_sfn_wakeup_fd 7 100 DDAL_SFN_PERIODIC ==&gt; done OK retv 0
CLI_OUTPUT: /Target1/sfn/action ddal_sfn_close_file_descriptor 7
CLI_OUTPUT: ret /Target1/sfn/action ddal_sfn_close_file_descriptor 7 ==&gt; done OK retv 0
CLI_OUTPUT: /Target1/sfn/action ddal_sfn_get_file_descriptor
CLI_OUTPUT: ret /Target1/sfn/action ddal_sfn_get_file_descriptor ==&gt; done OK retv 0 fd 7
CLI_OUTPUT: /Target1/sfn/action ddal_sfn_wakeup_fd 7 100 DDAL_SFN_PERIODIC
CLI_OUTPUT: ret /Target1/sfn/action ddal_sfn_wakeup_fd 7 100 DDAL_SFN_PERIODIC ==&gt; done OK retv 0
CLI_OUTPUT: /Target1/sfn/action ddal_sfn_wakeup_fd 7 100 DDAL_SFN_SPECIFIC
CLI_OUTPUT: ret /Target1/sfn/action ddal_sfn_wakeup_fd 7 100 DDAL_SFN_SPECIFIC ==&gt; done OK retv 0
CLI_OUTPUT: /Target1/sfn/action ddal_sfn_wakeup_fd 7 100 DDAL_SFN_PERIODIC
CLI_OUTPUT: ret /Target1/sfn/action ddal_sfn_wakeup_fd 7 100 DDAL_SFN_PERIODIC ==&gt; done OK retv 0
CLI_OUTPUT: /Target1/sfn/action ddal_sfn_close_file_descriptor 7
CLI_OUTPUT: ret /Target1/sfn/action ddal_sfn_close_file_descriptor 7 ==&gt; done OK retv 0
CLI_OUTPUT: /Target1/sfn/action ddal_sfn_get_file_descriptor
CLI_OUTPUT: ret /Target1/sfn/action ddal_sfn_get_file_descriptor ==&gt; done OK retv 0 fd 7
CLI_OUTPUT: /Target1/sfn/action ddal_sfn_wakeup_fd 7 100 DDAL_SFN_PERIODIC
CLI_OUTPUT: ret /Target1/sfn/action ddal_sfn_wakeup_fd 7 100 DDAL_SFN_PERIODIC ==&gt; done OK retv 0
CLI_OUTPUT: /Target1/sfn/action ddal_sfn_wakeup_fd 7 100 DDAL_SFN_SPECIFIC
CLI_OUTPUT: ret /Target1/sfn/action ddal_sfn_wakeup_fd 7 100 DDAL_SFN_SPECIFIC ==&gt; done OK retv 0
CLI_OUTPUT: /Target1/sfn/action ddal_sfn_wakeup_fd 7 100 DDAL_SFN_PERIODIC
CLI_OUTPUT: ret /Target1/sfn/action ddal_sfn_wakeup_fd 7 100 DDAL_SFN_PERIODIC ==&gt; done OK retv 0
CLI_OUTPUT: /Target1/sfn/action ddal_sfn_close_file_descriptor 7
CLI_OUTPUT: ret /Target1/sfn/action ddal_sfn_close_file_descriptor 7 ==&gt; done OK retv 0
CLI_OUTPUT: /Target1/sfn/action ddal_sfn_get_file_descriptor
CLI_OUTPUT: ret /Target1/sfn/action ddal_sfn_get_file_descriptor ==&gt; done OK retv 0 fd 7
CLI_OUTPUT: /Target1/sfn/action ddal_sfn_wakeup_fd 7 100 DDAL_SFN_PERIODIC
CLI_OUTPUT: ret /Target1/sfn/action ddal_sfn_wakeup_fd 7 100 DDAL_SFN_PERIODIC ==&gt; done OK retv 0
CLI_OUTPUT: /Target1/sfn/action ddal_sfn_wakeup_fd 7 100 DDAL_SFN_SPECIFIC
CLI_OUTPUT: ret /Target1/sfn/action ddal_sfn_wakeup_fd 7 100 DDAL_SFN_SPECIFIC ==&gt; done OK retv 0
CLI_OUTPUT: /Target1/sfn/action ddal_sfn_wakeup_fd 7 100 DDAL_SFN_PERIODIC
CLI_OUTPUT: ret /Target1/sfn/action ddal_sfn_wakeup_fd 7 100 DDAL_SFN_PERIODIC ==&gt; done OK retv 0
CLI_OUTPUT: /Target1/sfn/action ddal_sfn_close_file_descriptor 7
CLI_OUTPUT: ret /Target1/sfn/action ddal_sfn_close_file_descriptor 7 ==&gt; done OK retv 0
CLI_OUTPUT: /Target1/sfn/action ddal_sfn_get_file_descriptor
CLI_OUTPUT: ret /Target1/sfn/action ddal_sfn_get_file_descriptor ==&gt; done OK retv 0 fd 7
CLI_OUTPUT: /Target1/sfn/action ddal_sfn_wakeup_fd 7 100 DDAL_SFN_PERIODIC
CLI_OUTPUT: ret /Target1/sfn/action ddal_sfn_wakeup_fd 7 100 DDAL_SFN_PERIODIC ==&gt; done OK retv 0
CLI_OUTPUT: /Target1/sfn/action ddal_sfn_wakeup_fd 7 100 DDAL_SFN_SPECIFIC
CLI_OUTPUT: ret /Target1/sfn/action ddal_sfn_wakeup_fd 7 100 DDAL_SFN_SPECIFIC ==&gt; done OK retv 0
CLI_OUTPUT: /Target1/sfn/action ddal_sfn_wakeup_fd 7 100 DDAL_SFN_PERIODIC
CLI_OUTPUT: ret /Target1/sfn/action ddal_sfn_wakeup_fd 7 100 DDAL_SFN_PERIODIC ==&gt; done OK retv 0
CLI_OUTPUT: /Target1/sfn/action ddal_sfn_close_file_descriptor 7
CLI_OUTPUT: ret /Target1/sfn/action ddal_sfn_close_file_descriptor 7 ==&gt; done OK retv 0
CLI_OUTPUT: /Target1/sfn/action ddal_sfn_get_file_descriptor
CLI_OUTPUT: ret /Target1/sfn/action ddal_sfn_get_file_descriptor ==&gt; done OK retv 0 fd 7
CLI_OUTPUT: /Target1/sfn/action ddal_sfn_wakeup_fd 7 100 DDAL_SFN_PERIODIC
CLI_OUTPUT: ret /Target1/sfn/action ddal_sfn_wakeup_fd 7 100 DDAL_SFN_PERIODIC ==&gt; done OK retv 0
CLI_OUTPUT: /Target1/sfn/action ddal_sfn_wakeup_fd 7 100 DDAL_SFN_SPECIFIC
CLI_OUTPUT: ret /Target1/sfn/action ddal_sfn_wakeup_fd 7 100 DDAL_SFN_SPECIFIC ==&gt; done OK retv 0
CLI_OUTPUT: /Target1/sfn/action ddal_sfn_wakeup_fd 7 100 DDAL_SFN_PERIODIC
CLI_OUTPUT: ret /Target1/sfn/action ddal_sfn_wakeup_fd 7 100 DDAL_SFN_PERIODIC ==&gt; done OK retv 0
CLI_OUTPUT: /Target1/sfn/action ddal_sfn_close_file_descriptor 7
CLI_OUTPUT: ret /Target1/sfn/action ddal_sfn_close_file_descriptor 7 ==&gt; done OK retv 0
CLI_OUTPUT: /Target1/sfn/action ddal_sfn_get_file_descriptor
CLI_OUTPUT: ret /Target1/sfn/action ddal_sfn_get_file_descriptor ==&gt; done OK retv 0 fd 7
CLI_OUTPUT: /Target1/sfn/action ddal_sfn_wakeup_fd 7 100 DDAL_SFN_PERIODIC
CLI_OUTPUT: ret /Target1/sfn/action ddal_sfn_wakeup_fd 7 100 DDAL_SFN_PERIODIC ==&gt; done OK retv 0
CLI_OUTPUT: /Target1/sfn/action ddal_sfn_wakeup_fd 7 100 DDAL_SFN_SPECIFIC
CLI_OUTPUT: ret /Target1/sfn/action ddal_sfn_wakeup_fd 7 100 DDAL_SFN_SPECIFIC ==&gt; done OK retv 0
CLI_OUTPUT: /Target1/sfn/action ddal_sfn_wakeup_fd 7 100 DDAL_SFN_PERIODIC
CLI_OUTPUT: ret /Target1/sfn/action ddal_sfn_wakeup_fd 7 100 DDAL_SFN_PERIODIC ==&gt; done OK retv 0
CLI_OUTPUT: /Target1/sfn/action ddal_sfn_close_file_descriptor 7
CLI_OUTPUT: ret /Target1/sfn/action ddal_sfn_close_file_descriptor 7 ==&gt; done OK retv 0
CLI_OUTPUT: /Target1/sfn/action ddal_sfn_get_file_descriptor
CLI_OUTPUT: ret /Target1/sfn/action ddal_sfn_get_file_descriptor ==&gt; done OK retv 0 fd 7
CLI_OUTPUT: /Target1/sfn/action ddal_sfn_wakeup_fd 7 100 DDAL_SFN_PERIODIC
CLI_OUTPUT: ret /Target1/sfn/action ddal_sfn_wakeup_fd 7 100 DDAL_SFN_PERIODIC ==&gt; done OK retv 0
CLI_OUTPUT: /Target1/sfn/action ddal_sfn_wakeup_fd 7 100 DDAL_SFN_SPECIFIC
CLI_OUTPUT: ret /Target1/sfn/action ddal_sfn_wakeup_fd 7 100 DDAL_SFN_SPECIFIC ==&gt; done OK retv 0
CLI_OUTPUT: /Target1/sfn/action ddal_sfn_wakeup_fd 7 100 DDAL_SFN_PERIODIC
CLI_OUTPUT: ret /Target1/sfn/action ddal_sfn_wakeup_fd 7 100 DDAL_SFN_PERIODIC ==&gt; done OK retv 0
CLI_OUTPUT: /Target1/sfn/action ddal_sfn_close_file_descriptor 7
CLI_OUTPUT: ret /Target1/sfn/action ddal_sfn_close_file_descriptor 7 ==&gt; done OK retv 0
CLI_OUTPUT: /Target1/sfn/action ddal_sfn_get_file_descriptor
CLI_OUTPUT: ret /Target1/sfn/action ddal_sfn_get_file_descriptor ==&gt; done OK retv 0 fd 7
CLI_OUTPUT: /Target1/sfn/action ddal_sfn_wakeup_fd 7 100 DDAL_SFN_PERIODIC
CLI_OUTPUT: ret /Target1/sfn/action ddal_sfn_wakeup_fd 7 100 DDAL_SFN_PERIODIC ==&gt; done OK retv 0
CLI_OUTPUT: /Target1/sfn/action ddal_sfn_wakeup_fd 7 100 DDAL_SFN_SPECIFIC
CLI_OUTPUT: ret /Target1/sfn/action ddal_sfn_wakeup_fd 7 100 DDAL_SFN_SPECIFIC ==&gt; done OK retv 0
CLI_OUTPUT: /Target1/sfn/action ddal_sfn_wakeup_fd 7 100 DDAL_SFN_PERIODIC
CLI_OUTPUT: ret /Target1/sfn/action ddal_sfn_wakeup_fd 7 100 DDAL_SFN_PERIODIC ==&gt; done OK retv 0
CLI_OUTPUT: /Target1/sfn/action ddal_sfn_close_file_descriptor 7
CLI_OUTPUT: ret /Target1/sfn/action ddal_sfn_close_file_descriptor 7 ==&gt; done OK retv 0
CLI_OUTPUT: /Target1/sfn/action ddal_sfn_get_file_descriptor
CLI_OUTPUT: ret /Target1/sfn/action ddal_sfn_get_file_descriptor ==&gt; done OK retv 0 fd 7
CLI_OUTPUT: /Target1/sfn/action ddal_sfn_wakeup_fd 7 100 DDAL_SFN_PERIODIC
CLI_OUTPUT: ret /Target1/sfn/action ddal_sfn_wakeup_fd 7 100 DDAL_SFN_PERIODIC ==&gt; done OK retv 0
CLI_OUTPUT: /Target1/sfn/action ddal_sfn_wakeup_fd 7 100 DDAL_SFN_SPECIFIC
CLI_OUTPUT: ret /Target1/sfn/action ddal_sfn_wakeup_fd 7 100 DDAL_SFN_SPECIFIC ==&gt; done OK retv 0
CLI_OUTPUT: /Target1/sfn/action ddal_sfn_wakeup_fd 7 100 DDAL_SFN_PERIODIC
CLI_OUTPUT: ret /Target1/sfn/action ddal_sfn_wakeup_fd 7 100 DDAL_SFN_PERIODIC ==&gt; done OK retv 0
CLI_OUTPUT: /Target1/sfn/action ddal_sfn_close_file_descriptor 7
CLI_OUTPUT: ret /Target1/sfn/action ddal_sfn_close_file_descriptor 7 ==&gt; done OK retv 0
CLI_OUTPUT: /Target1/sfn/action ddal_sfn_get_file_descriptor
CLI_OUTPUT: ret /Target1/sfn/action ddal_sfn_get_file_descriptor ==&gt; done OK retv 0 fd 7
CLI_OUTPUT: /Target1/sfn/action ddal_sfn_wakeup_fd 7 100 DDAL_SFN_PERIODIC
CLI_OUTPUT: ret /Target1/sfn/action ddal_sfn_wakeup_fd 7 100 DDAL_SFN_PERIODIC ==&gt; done OK retv 0
CLI_OUTPUT: /Target1/sfn/action ddal_sfn_wakeup_fd 7 100 DDAL_SFN_SPECIFIC
CLI_OUTPUT: ret /Target1/sfn/action ddal_sfn_wakeup_fd 7 100 DDAL_SFN_SPECIFIC ==&gt; done OK retv 0
CLI_OUTPUT: /Target1/sfn/action ddal_sfn_wakeup_fd 7 100 DDAL_SFN_PERIODIC
CLI_OUTPUT: ret /Target1/sfn/action ddal_sfn_wakeup_fd 7 100 DDAL_SFN_PERIODIC ==&gt; done OK retv 0
CLI_OUTPUT: /Target1/sfn/action ddal_sfn_close_file_descriptor 7
CLI_OUTPUT: ret /Target1/sfn/action ddal_sfn_close_file_descriptor 7 ==&gt; done OK retv 0
CLI_OUTPUT: /Target1/sfn/action ddal_sfn_get_file_descriptor
CLI_OUTPUT: ret /Target1/sfn/action ddal_sfn_get_file_descriptor ==&gt; done OK retv 0 fd 7
CLI_OUTPUT: /Target1/sfn/action ddal_sfn_wakeup_fd 7 100 DDAL_SFN_PERIODIC
CLI_OUTPUT: ret /Target1/sfn/action ddal_sfn_wakeup_fd 7 100 DDAL_SFN_PERIODIC ==&gt; done OK retv 0
CLI_OUTPUT: /Target1/sfn/action ddal_sfn_wakeup_fd 7 100 DDAL_SFN_SPECIFIC
CLI_OUTPUT: ret /Target1/sfn/action ddal_sfn_wakeup_fd 7 100 DDAL_SFN_SPECIFIC ==&gt; done OK retv 0
CLI_OUTPUT: /Target1/sfn/action ddal_sfn_wakeup_fd 7 100 DDAL_SFN_PERIODIC
CLI_OUTPUT: ret /Target1/sfn/action ddal_sfn_wakeup_fd 7 100 DDAL_SFN_PERIODIC ==&gt; done OK retv 0
CLI_OUTPUT: /Target1/sfn/action ddal_sfn_close_file_descriptor 7
CLI_OUTPUT: ret /Target1/sfn/action ddal_sfn_close_file_descriptor 7 ==&gt; done OK retv 0
CLI_OUTPUT: /Target1/sfn/action ddal_sfn_get_file_descriptor
CLI_OUTPUT: ret /Target1/sfn/action ddal_sfn_get_file_descriptor ==&gt; done OK retv 0 fd 7
CLI_OUTPUT: /Target1/sfn/action ddal_sfn_wakeup_fd 7 100 DDAL_SFN_PERIODIC
CLI_OUTPUT: ret /Target1/sfn/action ddal_sfn_wakeup_fd 7 100 DDAL_SFN_PERIODIC ==&gt; done OK retv 0
CLI_OUTPUT: /Target1/sfn/action ddal_sfn_wakeup_fd 7 100 DDAL_SFN_SPECIFIC
CLI_OUTPUT: ret /Target1/sfn/action ddal_sfn_wakeup_fd 7 100 DDAL_SFN_SPECIFIC ==&gt; done OK retv 0
CLI_OUTPUT: /Target1/sfn/action ddal_sfn_wakeup_fd 7 100 DDAL_SFN_PERIODIC
CLI_OUTPUT: ret /Target1/sfn/action ddal_sfn_wakeup_fd 7 100 DDAL_SFN_PERIODIC ==&gt; done OK retv 0
CLI_OUTPUT: /Target1/sfn/action ddal_sfn_close_file_descriptor 7
CLI_OUTPUT: ret /Target1/sfn/action ddal_sfn_close_file_descriptor 7 ==&gt; done OK retv 0
CLI_OUTPUT: /Target1/sfn/action ddal_sfn_get_file_descriptor
CLI_OUTPUT: ret /Target1/sfn/action ddal_sfn_get_file_descriptor ==&gt; done OK retv 0 fd 7
CLI_OUTPUT: /Target1/sfn/action ddal_sfn_wakeup_fd 7 100 DDAL_SFN_PERIODIC
CLI_OUTPUT: ret /Target1/sfn/action ddal_sfn_wakeup_fd 7 100 DDAL_SFN_PERIODIC ==&gt; done OK retv 0
CLI_OUTPUT: /Target1/sfn/action ddal_sfn_wakeup_fd 7 100 DDAL_SFN_SPECIFIC
CLI_OUTPUT: ret /Target1/sfn/action ddal_sfn_wakeup_fd 7 100 DDAL_SFN_SPECIFIC ==&gt; done OK retv 0
CLI_OUTPUT: /Target1/sfn/action ddal_sfn_wakeup_fd 7 100 DDAL_SFN_PERIODIC
CLI_OUTPUT: ret /Target1/sfn/action ddal_sfn_wakeup_fd 7 100 DDAL_SFN_PERIODIC ==&gt; done OK retv 0
CLI_OUTPUT: /Target1/sfn/action ddal_sfn_close_file_descriptor 7
CLI_OUTPUT: ret /Target1/sfn/action ddal_sfn_close_file_descriptor 7 ==&gt; done OK retv 0
CLI_OUTPUT: /Target1/sfn/action ddal_sfn_get_file_descriptor
CLI_OUTPUT: ret /Target1/sfn/action ddal_sfn_get_file_descriptor ==&gt; done OK retv 0 fd 7
CLI_OUTPUT: /Target1/sfn/action ddal_sfn_wakeup_fd 7 100 DDAL_SFN_PERIODIC
CLI_OUTPUT: ret /Target1/sfn/action ddal_sfn_wakeup_fd 7 100 DDAL_SFN_PERIODIC ==&gt; done OK retv 0
CLI_OUTPUT: /Target1/sfn/action ddal_sfn_wakeup_fd 7 100 DDAL_SFN_SPECIFIC
CLI_OUTPUT: ret /Target1/sfn/action ddal_sfn_wakeup_fd 7 100 DDAL_SFN_SPECIFIC ==&gt; done OK retv 0
CLI_OUTPUT: /Target1/sfn/action ddal_sfn_wakeup_fd 7 100 DDAL_SFN_PERIODIC
CLI_OUTPUT: ret /Target1/sfn/action ddal_sfn_wakeup_fd 7 100 DDAL_SFN_PERIODIC ==&gt; done OK retv 0
CLI_OUTPUT: /Target1/sfn/action ddal_sfn_close_file_descriptor 7
CLI_OUTPUT: ret /Target1/sfn/action ddal_sfn_close_file_descriptor 7 ==&gt; done OK retv 0
CLI_OUTPUT: /Target1/sfn/action ddal_sfn_get_file_descriptor
CLI_OUTPUT: ret /Target1/sfn/action ddal_sfn_get_file_descriptor ==&gt; done OK retv 0 fd 7
CLI_OUTPUT: /Target1/sfn/action ddal_sfn_wakeup_fd 7 100 DDAL_SFN_PERIODIC
CLI_OUTPUT: ret /Target1/sfn/action ddal_sfn_wakeup_fd 7 100 DDAL_SFN_PERIODIC ==&gt; done OK retv 0
CLI_OUTPUT: /Target1/sfn/action ddal_sfn_wakeup_fd 7 100 DDAL_SFN_SPECIFIC
CLI_OUTPUT: ret /Target1/sfn/action ddal_sfn_wakeup_fd 7 100 DDAL_SFN_SPECIFIC ==&gt; done OK retv 0
CLI_OUTPUT: /Target1/sfn/action ddal_sfn_wakeup_fd 7 100 DDAL_SFN_PERIODIC
CLI_OUTPUT: ret /Target1/sfn/action ddal_sfn_wakeup_fd 7 100 DDAL_SFN_PERIODIC ==&gt; done OK retv 0
CLI_OUTPUT: /Target1/sfn/action ddal_sfn_close_file_descriptor 7
CLI_OUTPUT: ret /Target1/sfn/action ddal_sfn_close_file_descriptor 7 ==&gt; done OK retv 0
CLI_OUTPUT: /Target1/sfn/action ddal_sfn_get_file_descriptor
CLI_OUTPUT: ret /Target1/sfn/action ddal_sfn_get_file_descriptor ==&gt; done OK retv 0 fd 7
CLI_OUTPUT: /Target1/sfn/action ddal_sfn_wakeup_fd 7 100 DDAL_SFN_PERIODIC
CLI_OUTPUT: ret /Target1/sfn/action ddal_sfn_wakeup_fd 7 100 DDAL_SFN_PERIODIC ==&gt; done OK retv 0
CLI_OUTPUT: /Target1/sfn/action ddal_sfn_wakeup_fd 7 100 DDAL_SFN_SPECIFIC
CLI_OUTPUT: ret /Target1/sfn/action ddal_sfn_wakeup_fd 7 100 DDAL_SFN_SPECIFIC ==&gt; done OK retv 0
CLI_OUTPUT: /Target1/sfn/action ddal_sfn_wakeup_fd 7 100 DDAL_SFN_PERIODIC
CLI_OUTPUT: ret /Target1/sfn/action ddal_sfn_wakeup_fd 7 100 DDAL_SFN_PERIODIC ==&gt; done OK retv 0
CLI_OUTPUT: /Target1/sfn/action ddal_sfn_close_file_descriptor 7
CLI_OUTPUT: ret /Target1/sfn/action ddal_sfn_close_file_descriptor 7 ==&gt; done OK retv 0
CLI_OUTPUT: /Target1/sfn/action ddal_sfn_get_file_descriptor
CLI_OUTPUT: ret /Target1/sfn/action ddal_sfn_get_file_descriptor ==&gt; done OK retv 0 fd 7
CLI_OUTPUT: /Target1/sfn/action ddal_sfn_wakeup_fd 7 100 DDAL_SFN_PERIODIC
CLI_OUTPUT: ret /Target1/sfn/action ddal_sfn_wakeup_fd 7 100 DDAL_SFN_PERIODIC ==&gt; done OK retv 0
CLI_OUTPUT: /Target1/sfn/action ddal_sfn_wakeup_fd 7 100 DDAL_SFN_SPECIFIC
CLI_OUTPUT: ret /Target1/sfn/action ddal_sfn_wakeup_fd 7 100 DDAL_SFN_SPECIFIC ==&gt; done OK retv 0
CLI_OUTPUT: /Target1/sfn/action ddal_sfn_wakeup_fd 7 100 DDAL_SFN_PERIODIC
CLI_OUTPUT: ret /Target1/sfn/action ddal_sfn_wakeup_fd 7 100 DDAL_SFN_PERIODIC ==&gt; done OK retv 0
CLI_OUTPUT: /Target1/sfn/action ddal_sfn_close_file_descriptor 7
CLI_OUTPUT: ret /Target1/sfn/action ddal_sfn_close_file_descriptor 7 ==&gt; done OK retv 0
CLI_OUTPUT: /Target1/sfn/action ddal_sfn_get_file_descriptor
CLI_OUTPUT: ret /Target1/sfn/action ddal_sfn_get_file_descriptor ==&gt; done OK retv 0 fd 7
CLI_OUTPUT: /Target1/sfn/action ddal_sfn_wakeup_fd 7 100 DDAL_SFN_PERIODIC
CLI_OUTPUT: ret /Target1/sfn/action ddal_sfn_wakeup_fd 7 100 DDAL_SFN_PERIODIC ==&gt; done OK retv 0
CLI_OUTPUT: /Target1/sfn/action ddal_sfn_wakeup_fd 7 100 DDAL_SFN_SPECIFIC
CLI_OUTPUT: ret /Target1/sfn/action ddal_sfn_wakeup_fd 7 100 DDAL_SFN_SPECIFIC ==&gt; done OK retv 0
CLI_OUTPUT: /Target1/sfn/action ddal_sfn_wakeup_fd 7 100 DDAL_SFN_PERIODIC
CLI_OUTPUT: ret /Target1/sfn/action ddal_sfn_wakeup_fd 7 100 DDAL_SFN_PERIODIC ==&gt; done OK retv 0
CLI_OUTPUT: /Target1/sfn/action ddal_sfn_close_file_descriptor 7
CLI_OUTPUT: ret /Target1/sfn/action ddal_sfn_close_file_descriptor 7 ==&gt; done OK retv 0
CLI_OUTPUT: /Target1/sfn/action ddal_sfn_get_file_descriptor
CLI_OUTPUT: ret /Target1/sfn/action ddal_sfn_get_file_descriptor ==&gt; done OK retv 0 fd 7
CLI_OUTPUT: /Target1/sfn/action ddal_sfn_wakeup_fd 7 100 DDAL_SFN_PERIODIC
CLI_OUTPUT: ret /Target1/sfn/action ddal_sfn_wakeup_fd 7 100 DDAL_SFN_PERIODIC ==&gt; done OK retv 0
CLI_OUTPUT: /Target1/sfn/action ddal_sfn_wakeup_fd 7 100 DDAL_SFN_SPECIFIC
CLI_OUTPUT: ret /Target1/sfn/action ddal_sfn_wakeup_fd 7 100 DDAL_SFN_SPECIFIC ==&gt; done OK retv 0
CLI_OUTPUT: /Target1/sfn/action ddal_sfn_wakeup_fd 7 100 DDAL_SFN_PERIODIC
CLI_OUTPUT: ret /Target1/sfn/action ddal_sfn_wakeup_fd 7 100 DDAL_SFN_PERIODIC ==&gt; done OK retv 0
CLI_OUTPUT: /Target1/sfn/action ddal_sfn_close_file_descriptor 7
CLI_OUTPUT: ret /Target1/sfn/action ddal_sfn_close_file_descriptor 7 ==&gt; done OK retv 0
CLI_OUTPUT: /Target1/sfn/action ddal_sfn_get_file_descriptor
CLI_OUTPUT: ret /Target1/sfn/action ddal_sfn_get_file_descriptor ==&gt; done OK retv 0 fd 7
CLI_OUTPUT: /Target1/sfn/action ddal_sfn_wakeup_fd 7 100 DDAL_SFN_PERIODIC
CLI_OUTPUT: ret /Target1/sfn/action ddal_sfn_wakeup_fd 7 100 DDAL_SFN_PERIODIC ==&gt; done OK retv 0
CLI_OUTPUT: /Target1/sfn/action ddal_sfn_wakeup_fd 7 100 DDAL_SFN_SPECIFIC
CLI_OUTPUT: ret /Target1/sfn/action ddal_sfn_wakeup_fd 7 100 DDAL_SFN_SPECIFIC ==&gt; done OK retv 0
CLI_OUTPUT: /Target1/sfn/action ddal_sfn_wakeup_fd 7 100 DDAL_SFN_PERIODIC
CLI_OUTPUT: ret /Target1/sfn/action ddal_sfn_wakeup_fd 7 100 DDAL_SFN_PERIODIC ==&gt; done OK retv 0
CLI_OUTPUT: /Target1/sfn/action ddal_sfn_close_file_descriptor 7
CLI_OUTPUT: ret /Target1/sfn/action ddal_sfn_close_file_descriptor 7 ==&gt; done OK retv 0
CLI_OUTPUT: /Target1/sfn/action ddal_sfn_get_file_descriptor
CLI_OUTPUT: ret /Target1/sfn/action ddal_sfn_get_file_descriptor ==&gt; done OK retv 0 fd 7
CLI_OUTPUT: /Target1/sfn/action ddal_sfn_wakeup_fd 7 100 DDAL_SFN_PERIODIC
CLI_OUTPUT: ret /Target1/sfn/action ddal_sfn_wakeup_fd 7 100 DDAL_SFN_PERIODIC ==&gt; done OK retv 0
CLI_OUTPUT: /Target1/sfn/action ddal_sfn_wakeup_fd 7 100 DDAL_SFN_SPECIFIC
CLI_OUTPUT: ret /Target1/sfn/action ddal_sfn_wakeup_fd 7 100 DDAL_SFN_SPECIFIC ==&gt; done OK retv 0
CLI_OUTPUT: /Target1/sfn/action ddal_sfn_wakeup_fd 7 100 DDAL_SFN_PERIODIC
CLI_OUTPUT: ret /Target1/sfn/action ddal_sfn_wakeup_fd 7 100 DDAL_SFN_PERIODIC ==&gt; done OK retv 0
CLI_OUTPUT: /Target1/sfn/action ddal_sfn_close_file_descriptor 7
CLI_OUTPUT: ret /Target1/sfn/action ddal_sfn_close_file_descriptor 7 ==&gt; done OK retv 0
CLI_OUTPUT: /Target1/sfn/action ddal_sfn_get_file_descriptor
CLI_OUTPUT: ret /Target1/sfn/action ddal_sfn_get_file_descriptor ==&gt; done OK retv 0 fd 7
CLI_OUTPUT: /Target1/sfn/action ddal_sfn_wakeup_fd 7 100 DDAL_SFN_PERIODIC
CLI_OUTPUT: ret /Target1/sfn/action ddal_sfn_wakeup_fd 7 100 DDAL_SFN_PERIODIC ==&gt; done OK retv 0
CLI_OUTPUT: /Target1/sfn/action ddal_sfn_wakeup_fd 7 100 DDAL_SFN_SPECIFIC
CLI_OUTPUT: ret /Target1/sfn/action ddal_sfn_wakeup_fd 7 100 DDAL_SFN_SPECIFIC ==&gt; done OK retv 0
CLI_OUTPUT: /Target1/sfn/action ddal_sfn_wakeup_fd 7 100 DDAL_SFN_PERIODIC
CLI_OUTPUT: ret /Target1/sfn/action ddal_sfn_wakeup_fd 7 100 DDAL_SFN_PERIODIC ==&gt; done OK retv 0
CLI_OUTPUT: /Target1/sfn/action ddal_sfn_close_file_descriptor 7
CLI_OUTPUT: ret /Target1/sfn/action ddal_sfn_close_file_descriptor 7 ==&gt; done OK retv 0
CLI_OUTPUT: /Target1/sfn/action ddal_sfn_get_file_descriptor
CLI_OUTPUT: ret /Target1/sfn/action ddal_sfn_get_file_descriptor ==&gt; done OK retv 0 fd 7
CLI_OUTPUT: /Target1/sfn/action ddal_sfn_wakeup_fd 7 100 DDAL_SFN_PERIODIC
CLI_OUTPUT: ret /Target1/sfn/action ddal_sfn_wakeup_fd 7 100 DDAL_SFN_PERIODIC ==&gt; done OK retv 0
CLI_OUTPUT: /Target1/sfn/action ddal_sfn_wakeup_fd 7 100 DDAL_SFN_SPECIFIC
CLI_OUTPUT: ret /Target1/sfn/action ddal_sfn_wakeup_fd 7 100 DDAL_SFN_SPECIFIC ==&gt; done OK retv 0
CLI_OUTPUT: /Target1/sfn/action ddal_sfn_wakeup_fd 7 100 DDAL_SFN_PERIODIC
CLI_OUTPUT: ret /Target1/sfn/action ddal_sfn_wakeup_fd 7 100 DDAL_SFN_PERIODIC ==&gt; done OK retv 0
CLI_OUTPUT: /Target1/sfn/action ddal_sfn_close_file_descriptor 7
CLI_OUTPUT: ret /Target1/sfn/action ddal_sfn_close_file_descriptor 7 ==&gt; done OK retv 0
CLI_OUTPUT: /Target1/sfn/action ddal_sfn_get_file_descriptor
CLI_OUTPUT: ret /Target1/sfn/action ddal_sfn_get_file_descriptor ==&gt; done OK retv 0 fd 7
CLI_OUTPUT: /Target1/sfn/action ddal_sfn_wakeup_fd 7 100 DDAL_SFN_PERIODIC
CLI_OUTPUT: ret /Target1/sfn/action ddal_sfn_wakeup_fd 7 100 DDAL_SFN_PERIODIC ==&gt; done OK retv 0
CLI_OUTPUT: /Target1/sfn/action ddal_sfn_wakeup_fd 7 100 DDAL_SFN_SPECIFIC
CLI_OUTPUT: ret /Target1/sfn/action ddal_sfn_wakeup_fd 7 100 DDAL_SFN_SPECIFIC ==&gt; done OK retv 0
CLI_OUTPUT: /Target1/sfn/action ddal_sfn_wakeup_fd 7 100 DDAL_SFN_PERIODIC
CLI_OUTPUT: ret /Target1/sfn/action ddal_sfn_wakeup_fd 7 100 DDAL_SFN_PERIODIC ==&gt; done OK retv 0
CLI_OUTPUT: /Target1/sfn/action ddal_sfn_close_file_descriptor 7
CLI_OUTPUT: ret /Target1/sfn/action ddal_sfn_close_file_descriptor 7 ==&gt; done OK retv 0
CLI_OUTPUT: /Target1/sfn/action ddal_sfn_get_file_descriptor
CLI_OUTPUT: ret /Target1/sfn/action ddal_sfn_get_file_descriptor ==&gt; done OK retv 0 fd 7
CLI_OUTPUT: /Target1/sfn/action ddal_sfn_wakeup_fd 7 100 DDAL_SFN_PERIODIC
CLI_OUTPUT: ret /Target1/sfn/action ddal_sfn_wakeup_fd 7 100 DDAL_SFN_PERIODIC ==&gt; done OK retv 0
CLI_OUTPUT: /Target1/sfn/action ddal_sfn_wakeup_fd 7 100 DDAL_SFN_SPECIFIC
CLI_OUTPUT: ret /Target1/sfn/action ddal_sfn_wakeup_fd 7 100 DDAL_SFN_SPECIFIC ==&gt; done OK retv 0
CLI_OUTPUT: /Target1/sfn/action ddal_sfn_wakeup_fd 7 100 DDAL_SFN_PERIODIC
CLI_OUTPUT: ret /Target1/sfn/action ddal_sfn_wakeup_fd 7 100 DDAL_SFN_PERIODIC ==&gt; done OK retv 0
CLI_OUTPUT: /Target1/sfn/action ddal_sfn_close_file_descriptor 7
CLI_OUTPUT: ret /Target1/sfn/action ddal_sfn_close_file_descriptor 7 ==&gt; done OK retv 0
CLI_OUTPUT: /Target1/sfn/action ddal_sfn_get_file_descriptor
CLI_OUTPUT: ret /Target1/sfn/action ddal_sfn_get_file_descriptor ==&gt; done OK retv 0 fd 7
CLI_OUTPUT: /Target1/sfn/action ddal_sfn_wakeup_fd 7 100 DDAL_SFN_PERIODIC
CLI_OUTPUT: ret /Target1/sfn/action ddal_sfn_wakeup_fd 7 100 DDAL_SFN_PERIODIC ==&gt; done OK retv 0
CLI_OUTPUT: /Target1/sfn/action ddal_sfn_wakeup_fd 7 100 DDAL_SFN_SPECIFIC
CLI_OUTPUT: ret /Target1/sfn/action ddal_sfn_wakeup_fd 7 100 DDAL_SFN_SPECIFIC ==&gt; done OK retv 0
CLI_OUTPUT: /Target1/sfn/action ddal_sfn_wakeup_fd 7 100 DDAL_SFN_PERIODIC
CLI_OUTPUT: ret /Target1/sfn/action ddal_sfn_wakeup_fd 7 100 DDAL_SFN_PERIODIC ==&gt; done OK retv 0
CLI_OUTPUT: /Target1/sfn/action ddal_sfn_close_file_descriptor 7
CLI_OUTPUT: ret /Target1/sfn/action ddal_sfn_close_file_descriptor 7 ==&gt; done OK retv 0
CLI_OUTPUT: /Target1/sfn/action ddal_sfn_get_file_descriptor
CLI_OUTPUT: ret /Target1/sfn/action ddal_sfn_get_file_descriptor ==&gt; done OK retv 0 fd 7
CLI_OUTPUT: /Target1/sfn/action ddal_sfn_wakeup_fd 7 100 DDAL_SFN_PERIODIC
CLI_OUTPUT: ret /Target1/sfn/action ddal_sfn_wakeup_fd 7 100 DDAL_SFN_PERIODIC ==&gt; done OK retv 0
CLI_OUTPUT: /Target1/sfn/action ddal_sfn_wakeup_fd 7 100 DDAL_SFN_SPECIFIC
CLI_OUTPUT: ret /Target1/sfn/action ddal_sfn_wakeup_fd 7 100 DDAL_SFN_SPECIFIC ==&gt; done OK retv 0
CLI_OUTPUT: /Target1/sfn/action ddal_sfn_wakeup_fd 7 100 DDAL_SFN_PERIODIC
CLI_OUTPUT: ret /Target1/sfn/action ddal_sfn_wakeup_fd 7 100 DDAL_SFN_PERIODIC ==&gt; done OK retv 0
CLI_OUTPUT: /Target1/sfn/action ddal_sfn_close_file_descriptor 7
CLI_OUTPUT: ret /Target1/sfn/action ddal_sfn_close_file_descriptor 7 ==&gt; done OK retv 0
CLI_OUTPUT: /Target1/sfn/action ddal_sfn_get_file_descriptor
CLI_OUTPUT: ret /Target1/sfn/action ddal_sfn_get_file_descriptor ==&gt; done OK retv 0 fd 7
CLI_OUTPUT: /Target1/sfn/action ddal_sfn_wakeup_fd 7 100 DDAL_SFN_PERIODIC
CLI_OUTPUT: ret /Target1/sfn/action ddal_sfn_wakeup_fd 7 100 DDAL_SFN_PERIODIC ==&gt; done OK retv 0
CLI_OUTPUT: /Target1/sfn/action ddal_sfn_wakeup_fd 7 100 DDAL_SFN_SPECIFIC
CLI_OUTPUT: ret /Target1/sfn/action ddal_sfn_wakeup_fd 7 100 DDAL_SFN_SPECIFIC ==&gt; done OK retv 0
CLI_OUTPUT: /Target1/sfn/action ddal_sfn_wakeup_fd 7 100 DDAL_SFN_PERIODIC
CLI_OUTPUT: ret /Target1/sfn/action ddal_sfn_wakeup_fd 7 100 DDAL_SFN_PERIODIC ==&gt; done OK retv 0
CLI_OUTPUT: /Target1/sfn/action ddal_sfn_close_file_descriptor 7
CLI_OUTPUT: ret /Target1/sfn/action ddal_sfn_close_file_descriptor 7 ==&gt; done OK retv 0
CLI_OUTPUT: /Target1/sfn/action ddal_sfn_get_file_descriptor
CLI_OUTPUT: ret /Target1/sfn/action ddal_sfn_get_file_descriptor ==&gt; done OK retv 0 fd 7
CLI_OUTPUT: /Target1/sfn/action ddal_sfn_wakeup_fd 7 100 DDAL_SFN_PERIODIC
CLI_OUTPUT: ret /Target1/sfn/action ddal_sfn_wakeup_fd 7 100 DDAL_SFN_PERIODIC ==&gt; done OK retv 0
CLI_OUTPUT: /Target1/sfn/action ddal_sfn_wakeup_fd 7 100 DDAL_SFN_SPECIFIC
CLI_OUTPUT: ret /Target1/sfn/action ddal_sfn_wakeup_fd 7 100 DDAL_SFN_SPECIFIC ==&gt; done OK retv 0
CLI_OUTPUT: /Target1/sfn/action ddal_sfn_wakeup_fd 7 100 DDAL_SFN_PERIODIC
CLI_OUTPUT: ret /Target1/sfn/action ddal_sfn_wakeup_fd 7 100 DDAL_SFN_PERIODIC ==&gt; done OK retv 0
CLI_OUTPUT: /Target1/sfn/action ddal_sfn_close_file_descriptor 7
CLI_OUTPUT: ret /Target1/sfn/action ddal_sfn_close_file_descriptor 7 ==&gt; done OK retv 0
CLI_OUTPUT: /Target1/sfn/action ddal_sfn_get_file_descriptor
CLI_OUTPUT: ret /Target1/sfn/action ddal_sfn_get_file_descriptor ==&gt; done OK retv 0 fd 7
CLI_OUTPUT: /Target1/sfn/action ddal_sfn_wakeup_fd 7 100 DDAL_SFN_PERIODIC
CLI_OUTPUT: ret /Target1/sfn/action ddal_sfn_wakeup_fd 7 100 DDAL_SFN_PERIODIC ==&gt; done OK retv 0
CLI_OUTPUT: /Target1/sfn/action ddal_sfn_wakeup_fd 7 100 DDAL_SFN_SPECIFIC
CLI_OUTPUT: ret /Target1/sfn/action ddal_sfn_wakeup_fd 7 100 DDAL_SFN_SPECIFIC ==&gt; done OK retv 0
CLI_OUTPUT: /Target1/sfn/action ddal_sfn_wakeup_fd 7 100 DDAL_SFN_PERIODIC
CLI_OUTPUT: ret /Target1/sfn/action ddal_sfn_wakeup_fd 7 100 DDAL_SFN_PERIODIC ==&gt; done OK retv 0
CLI_OUTPUT: /Target1/sfn/action ddal_sfn_close_file_descriptor 7
CLI_OUTPUT: ret /Target1/sfn/action ddal_sfn_close_file_descriptor 7 ==&gt; done OK retv 0
CLI_OUTPUT: /Target1/sfn/action ddal_sfn_get_file_descriptor
CLI_OUTPUT: ret /Target1/sfn/action ddal_sfn_get_file_descriptor ==&gt; done OK retv 0 fd 7
CLI_OUTPUT: /Target1/sfn/action ddal_sfn_wakeup_fd 7 100 DDAL_SFN_PERIODIC
CLI_OUTPUT: ret /Target1/sfn/action ddal_sfn_wakeup_fd 7 100 DDAL_SFN_PERIODIC ==&gt; done OK retv 0
CLI_OUTPUT: /Target1/sfn/action ddal_sfn_wakeup_fd 7 100 DDAL_SFN_SPECIFIC
CLI_OUTPUT: ret /Target1/sfn/action ddal_sfn_wakeup_fd 7 100 DDAL_SFN_SPECIFIC ==&gt; done OK retv 0
CLI_OUTPUT: /Target1/sfn/action ddal_sfn_wakeup_fd 7 100 DDAL_SFN_PERIODIC
CLI_OUTPUT: ret /Target1/sfn/action ddal_sfn_wakeup_fd 7 100 DDAL_SFN_PERIODIC ==&gt; done OK retv 0
CLI_OUTPUT: /Target1/sfn/action ddal_sfn_close_file_descriptor 7
CLI_OUTPUT: ret /Target1/sfn/action ddal_sfn_close_file_descriptor 7 ==&gt; done OK retv 0
CLI_OUTPUT: /Target1/sfn/action ddal_sfn_get_file_descriptor
CLI_OUTPUT: ret /Target1/sfn/action ddal_sfn_get_file_descriptor ==&gt; done OK retv 0 fd 7
CLI_OUTPUT: /Target1/sfn/action ddal_sfn_wakeup_fd 7 100 DDAL_SFN_PERIODIC
CLI_OUTPUT: ret /Target1/sfn/action ddal_sfn_wakeup_fd 7 100 DDAL_SFN_PERIODIC ==&gt; done OK retv 0
CLI_OUTPUT: /Target1/sfn/action ddal_sfn_wakeup_fd 7 100 DDAL_SFN_SPECIFIC
CLI_OUTPUT: ret /Target1/sfn/action ddal_sfn_wakeup_fd 7 100 DDAL_SFN_SPECIFIC ==&gt; done OK retv 0
CLI_OUTPUT: /Target1/sfn/action ddal_sfn_wakeup_fd 7 100 DDAL_SFN_PERIODIC
CLI_OUTPUT: ret /Target1/sfn/action ddal_sfn_wakeup_fd 7 100 DDAL_SFN_PERIODIC ==&gt; done OK retv 0
CLI_OUTPUT: /Target1/sfn/action ddal_sfn_close_file_descriptor 7
CLI_OUTPUT: ret /Target1/sfn/action ddal_sfn_close_file_descriptor 7 ==&gt; done OK retv 0
CLI_OUTPUT: /Target1/sfn/action ddal_sfn_get_file_descriptor
CLI_OUTPUT: ret /Target1/sfn/action ddal_sfn_get_file_descriptor ==&gt; done OK retv 0 fd 7
CLI_OUTPUT: /Target1/sfn/action ddal_sfn_wakeup_fd 7 100 DDAL_SFN_PERIODIC
CLI_OUTPUT: ret /Target1/sfn/action ddal_sfn_wakeup_fd 7 100 DDAL_SFN_PERIODIC ==&gt; done OK retv 0
CLI_OUTPUT: /Target1/sfn/action ddal_sfn_wakeup_fd 7 100 DDAL_SFN_SPECIFIC
CLI_OUTPUT: ret /Target1/sfn/action ddal_sfn_wakeup_fd 7 100 DDAL_SFN_SPECIFIC ==&gt; done OK retv 0
CLI_OUTPUT: /Target1/sfn/action ddal_sfn_wakeup_fd 7 100 DDAL_SFN_PERIODIC
CLI_OUTPUT: ret /Target1/sfn/action ddal_sfn_wakeup_fd 7 100 DDAL_SFN_PERIODIC ==&gt; done OK retv 0
CLI_OUTPUT: /Target1/sfn/action ddal_sfn_close_file_descriptor 7
CLI_OUTPUT: ret /Target1/sfn/action ddal_sfn_close_file_descriptor 7 ==&gt; done OK retv 0
CLI_OUTPUT: /Target1/sfn/action ddal_sfn_get_file_descriptor
CLI_OUTPUT: ret /Target1/sfn/action ddal_sfn_get_file_descriptor ==&gt; done OK retv 0 fd 7
CLI_OUTPUT: /Target1/sfn/action ddal_sfn_wakeup_fd 7 100 DDAL_SFN_PERIODIC
CLI_OUTPUT: ret /Target1/sfn/action ddal_sfn_wakeup_fd 7 100 DDAL_SFN_PERIODIC ==&gt; done OK retv 0
CLI_OUTPUT: /Target1/sfn/action ddal_sfn_wakeup_fd 7 100 DDAL_SFN_SPECIFIC
CLI_OUTPUT: ret /Target1/sfn/action ddal_sfn_wakeup_fd 7 100 DDAL_SFN_SPECIFIC ==&gt; done OK retv 0
CLI_OUTPUT: /Target1/sfn/action ddal_sfn_wakeup_fd 7 100 DDAL_SFN_PERIODIC
CLI_OUTPUT: ret /Target1/sfn/action ddal_sfn_wakeup_fd 7 100 DDAL_SFN_PERIODIC ==&gt; done OK retv 0
CLI_OUTPUT: /Target1/sfn/action ddal_sfn_close_file_descriptor 7
CLI_OUTPUT: ret /Target1/sfn/action ddal_sfn_close_file_descriptor 7 ==&gt; done OK retv 0
CLI_OUTPUT: /Target1/sfn/action ddal_sfn_get_file_descriptor
CLI_OUTPUT: ret /Target1/sfn/action ddal_sfn_get_file_descriptor ==&gt; done OK retv 0 fd 7
CLI_OUTPUT: /Target1/sfn/action ddal_sfn_wakeup_fd 7 100 DDAL_SFN_PERIODIC
CLI_OUTPUT: ret /Target1/sfn/action ddal_sfn_wakeup_fd 7 100 DDAL_SFN_PERIODIC ==&gt; done OK retv 0
CLI_OUTPUT: /Target1/sfn/action ddal_sfn_wakeup_fd 7 100 DDAL_SFN_SPECIFIC
CLI_OUTPUT: ret /Target1/sfn/action ddal_sfn_wakeup_fd 7 100 DDAL_SFN_SPECIFIC ==&gt; done OK retv 0
CLI_OUTPUT: /Target1/sfn/action ddal_sfn_wakeup_fd 7 100 DDAL_SFN_PERIODIC
CLI_OUTPUT: ret /Target1/sfn/action ddal_sfn_wakeup_fd 7 100 DDAL_SFN_PERIODIC ==&gt; done OK retv 0
CLI_OUTPUT: /Target1/sfn/action ddal_sfn_close_file_descriptor 7
CLI_OUTPUT: ret /Target1/sfn/action ddal_sfn_close_file_descriptor 7 ==&gt; done OK retv 0
CLI_OUTPUT: /Target1/sfn/action ddal_sfn_get_file_descriptor
CLI_OUTPUT: ret /Target1/sfn/action ddal_sfn_get_file_descriptor ==&gt; done OK retv 0 fd 7
CLI_OUTPUT: /Target1/sfn/action ddal_sfn_wakeup_fd 7 100 DDAL_SFN_PERIODIC
CLI_OUTPUT: ret /Target1/sfn/action ddal_sfn_wakeup_fd 7 100 DDAL_SFN_PERIODIC ==&gt; done OK retv 0
CLI_OUTPUT: /Target1/sfn/action ddal_sfn_wakeup_fd 7 100 DDAL_SFN_SPECIFIC
CLI_OUTPUT: ret /Target1/sfn/action ddal_sfn_wakeup_fd 7 100 DDAL_SFN_SPECIFIC ==&gt; done OK retv 0
CLI_OUTPUT: /Target1/sfn/action ddal_sfn_wakeup_fd 7 100 DDAL_SFN_PERIODIC
CLI_OUTPUT: ret /Target1/sfn/action ddal_sfn_wakeup_fd 7 100 DDAL_SFN_PERIODIC ==&gt; done OK retv 0
CLI_OUTPUT: /Target1/sfn/action ddal_sfn_close_file_descriptor 7
CLI_OUTPUT: ret /Target1/sfn/action ddal_sfn_close_file_descriptor 7 ==&gt; done OK retv 0
CLI_OUTPUT: /Target1/sfn/action ddal_sfn_get_file_descriptor
CLI_OUTPUT: ret /Target1/sfn/action ddal_sfn_get_file_descriptor ==&gt; done OK retv 0 fd 7
CLI_OUTPUT: /Target1/sfn/action ddal_sfn_wakeup_fd 7 100 DDAL_SFN_PERIODIC
CLI_OUTPUT: ret /Target1/sfn/action ddal_sfn_wakeup_fd 7 100 DDAL_SFN_PERIODIC ==&gt; done OK retv 0
CLI_OUTPUT: /Target1/sfn/action ddal_sfn_wakeup_fd 7 100 DDAL_SFN_SPECIFIC
CLI_OUTPUT: ret /Target1/sfn/action ddal_sfn_wakeup_fd 7 100 DDAL_SFN_SPECIFIC ==&gt; done OK retv 0
CLI_OUTPUT: /Target1/sfn/action ddal_sfn_wakeup_fd 7 100 DDAL_SFN_PERIODIC
CLI_OUTPUT: ret /Target1/sfn/action ddal_sfn_wakeup_fd 7 100 DDAL_SFN_PERIODIC ==&gt; done OK retv 0
CLI_OUTPUT: /Target1/sfn/action ddal_sfn_close_file_descriptor 7
CLI_OUTPUT: ret /Target1/sfn/action ddal_sfn_close_file_descriptor 7 ==&gt; done OK retv 0
CLI_OUTPUT: /Target1/sfn/action ddal_sfn_get_file_descriptor
CLI_OUTPUT: ret /Target1/sfn/action ddal_sfn_get_file_descriptor ==&gt; done OK retv 0 fd 7
CLI_OUTPUT: /Target1/sfn/action ddal_sfn_wakeup_fd 7 100 DDAL_SFN_PERIODIC
CLI_OUTPUT: ret /Target1/sfn/action ddal_sfn_wakeup_fd 7 100 DDAL_SFN_PERIODIC ==&gt; done OK retv 0
CLI_OUTPUT: /Target1/sfn/action ddal_sfn_wakeup_fd 7 100 DDAL_SFN_SPECIFIC
[...]
SCR_OUTPUT: RP3 Transport write: offset = 0x81ff  value = 0x54455445
SCR_OUTPUT: 1 RP3 Transport: read 32 Bit register
CLI_OUTPUT: /Target1/register/action ddal_register_read32 0 0x81F0
CLI_OUTPUT: ret /Target1/register/action ddal_register_read32 0 0x81F0 ==&gt; done OK retv 0 offset 33264 value 0
SCR_OUTPUT: RP3 Transport read: offset = 0x81f0  value = 0x0
CLI_OUTPUT: /Target1/register/action ddal_register_read32 0 33265
CLI_OUTPUT: ret /Target1/register/action ddal_register_read32 0 33265 ==&gt; done OK retv 0 offset 33265 value 0
SCR_OUTPUT: RP3 Transport read: offset = 0x81f1  value = 0x0
CLI_OUTPUT: /Target1/register/action ddal_register_read32 0 33266
CLI_OUTPUT: ret /Target1/register/action ddal_register_read32 0 33266 ==&gt; done OK retv 0 offset 33266 value 0
SCR_OUTPUT: RP3 Transport read: offset = 0x81f2  value = 0x0
CLI_OUTPUT: /Target1/register/action ddal_register_read32 0 33267
CLI_OUTPUT: ret /Target1/register/action ddal_register_read32 0 33267 ==&gt; done OK retv 0 offset 33267 value 0
SCR_OUTPUT: RP3 Transport read: offset = 0x81f3  value = 0x0
CLI_OUTPUT: /Target1/register/action ddal_register_read32 0 33268
CLI_OUTPUT: ret /Target1/register/action ddal_register_read32 0 33268 ==&gt; done OK retv 0 offset 33268 value 0
SCR_OUTPUT: RP3 Transport read: offset = 0x81f4  value = 0x0
CLI_OUTPUT: /Target1/register/action ddal_register_read32 0 33269
CLI_OUTPUT: ret /Target1/register/action ddal_register_read32 0 33269 ==&gt; done OK retv 0 offset 33269 value 0
SCR_OUTPUT: RP3 Transport read: offset = 0x81f5  value = 0x0
CLI_OUTPUT: /Target1/register/action ddal_register_read32 0 33270
CLI_OUTPUT: ret /Target1/register/action ddal_register_read32 0 33270 ==&gt; done OK retv 0 offset 33270 value 0
SCR_OUTPUT: RP3 Transport read: offset = 0x81f6  value = 0x0
CLI_OUTPUT: /Target1/register/action ddal_register_read32 0 33271
CLI_OUTPUT: ret /Target1/register/action ddal_register_read32 0 33271 ==&gt; done OK retv 0 offset 33271 value 0
SCR_OUTPUT: RP3 Transport read: offset = 0x81f7  value = 0x0
CLI_OUTPUT: /Target1/register/action ddal_register_read32 0 33272
CLI_OUTPUT: ret /Target1/register/action ddal_register_read32 0 33272 ==&gt; done OK retv 0 offset 33272 value 0
SCR_OUTPUT: RP3 Transport read: offset = 0x81f8  value = 0x0
CLI_OUTPUT: /Target1/register/action ddal_register_read32 0 33273
CLI_OUTPUT: ret /Target1/register/action ddal_register_read32 0 33273 ==&gt; done OK retv 0 offset 33273 value 0
SCR_OUTPUT: RP3 Transport read: offset = 0x81f9  value = 0x0
CLI_OUTPUT: /Target1/register/action ddal_register_read32 0 33274
CLI_OUTPUT: ret /Target1/register/action ddal_register_read32 0 33274 ==&gt; done OK retv 0 offset 33274 value 0
SCR_OUTPUT: RP3 Transport read: offset = 0x81fa  value = 0x0
CLI_OUTPUT: /Target1/register/action ddal_register_read32 0 33275
CLI_OUTPUT: ret /Target1/register/action ddal_register_read32 0 33275 ==&gt; done OK retv 0 offset 33275 value 0
SCR_OUTPUT: RP3 Transport read: offset = 0x81fb  value = 0x0
CLI_OUTPUT: /Target1/register/action ddal_register_read32 0 33276
CLI_OUTPUT: ret /Target1/register/action ddal_register_read32 0 33276 ==&gt; done OK retv 0 offset 33276 value 0
SCR_OUTPUT: RP3 Transport read: offset = 0x81fc  value = 0x0
CLI_OUTPUT: /Target1/register/action ddal_register_read32 0 33277
CLI_OUTPUT: ret /Target1/register/action ddal_register_read32 0 33277 ==&gt; done OK retv 0 offset 33277 value 0
SCR_OUTPUT: RP3 Transport read: offset = 0x81fd  value = 0x0
CLI_OUTPUT: /Target1/register/action ddal_register_read32 0 33278
CLI_OUTPUT: ret /Target1/register/action ddal_register_read32 0 33278 ==&gt; done OK retv 0 offset 33278 value 0
SCR_OUTPUT: RP3 Transport read: offset = 0x81fe  value = 0x0
CLI_OUTPUT: /Target1/register/action ddal_register_read32 0 33279
CLI_OUTPUT: ret /Target1/register/action ddal_register_read32 0 33279 ==&gt; done OK retv 0 offset 33279 value 0
SCR_OUTPUT: RP3 Transport read: offset = 0x81ff  value = 0x0
SCR_OUTPUT: 1 RP3 Transport: write 32 Bit register
CLI_OUTPUT: /Target1/register/action ddal_register_write32 0 0x81F0 2827659402
CLI_OUTPUT: ret /Target1/register/action ddal_register_write32 0 0x81F0 2827659402 ==&gt; done OK retv 0 offset 33264 value -1467307894
SCR_OUTPUT: RP3 Transport write: offset = 0x81f0  value = 0xffffffffa88aa88a
CLI_OUTPUT: /Target1/register/action ddal_register_write32 0 33265 2827659402
CLI_OUTPUT: ret /Target1/register/action ddal_register_write32 0 33265 2827659402 ==&gt; done OK retv 0 offset 33265 value -1467307894
SCR_OUTPUT: RP3 Transport write: offset = 0x81f1  value = 0xffffffffa88aa88a
CLI_OUTPUT: /Target1/register/action ddal_register_write32 0 33266 2827659402
CLI_OUTPUT: ret /Target1/register/action ddal_register_write32 0 33266 2827659402 ==&gt; done OK retv 0 offset 33266 value -1467307894
SCR_OUTPUT: RP3 Transport write: offset = 0x81f2  value = 0xffffffffa88aa88a
CLI_OUTPUT: /Target1/register/action ddal_register_write32 0 33267 2827659402
CLI_OUTPUT: ret /Target1/register/action ddal_register_write32 0 33267 2827659402 ==&gt; done OK retv 0 offset 33267 value -1467307894
SCR_OUTPUT: RP3 Transport write: offset = 0x81f3  value = 0xffffffffa88aa88a
CLI_OUTPUT: /Target1/register/action ddal_register_write32 0 33268 2827659402
CLI_OUTPUT: ret /Target1/register/action ddal_register_write32 0 33268 2827659402 ==&gt; done OK retv 0 offset 33268 value -1467307894
SCR_OUTPUT: RP3 Transport write: offset = 0x81f4  value = 0xffffffffa88aa88a
CLI_OUTPUT: /Target1/register/action ddal_register_write32 0 33269 2827659402
CLI_OUTPUT: ret /Target1/register/action ddal_register_write32 0 33269 2827659402 ==&gt; done OK retv 0 offset 33269 value -1467307894
SCR_OUTPUT: RP3 Transport write: offset = 0x81f5  value = 0xffffffffa88aa88a
CLI_OUTPUT: /Target1/register/action ddal_register_write32 0 33270 2827659402
CLI_OUTPUT: ret /Target1/register/action ddal_register_write32 0 33270 2827659402 ==&gt; done OK retv 0 offset 33270 value -1467307894
SCR_OUTPUT: RP3 Transport write: offset = 0x81f6  value = 0xffffffffa88aa88a
CLI_OUTPUT: /Target1/register/action ddal_register_write32 0 33271 2827659402
CLI_OUTPUT: ret /Target1/register/action ddal_register_write32 0 33271 2827659402 ==&gt; done OK retv 0 offset 33271 value -1467307894
SCR_OUTPUT: RP3 Transport write: offset = 0x81f7  value = 0xffffffffa88aa88a
CLI_OUTPUT: /Target1/register/action ddal_register_write32 0 33272 2827659402
CLI_OUTPUT: ret /Target1/register/action ddal_register_write32 0 33272 2827659402 ==&gt; done OK retv 0 offset 33272 value -1467307894
SCR_OUTPUT: RP3 Transport write: offset = 0x81f8  value = 0xffffffffa88aa88a
CLI_OUTPUT: /Target1/register/action ddal_register_write32 0 33273 2827659402
CLI_OUTPUT: ret /Target1/register/action ddal_register_write32 0 33273 2827659402 ==&gt; done OK retv 0 offset 33273 value -1467307894
SCR_OUTPUT: RP3 Transport write: offset = 0x81f9  value = 0xffffffffa88aa88a
CLI_OUTPUT: /Target1/register/action ddal_register_write32 0 33274 2827659402
CLI_OUTPUT: ret /Target1/register/action ddal_register_write32 0 33274 2827659402 ==&gt; done OK retv 0 offset 33274 value -1467307894
SCR_OUTPUT: RP3 Transport write: offset = 0x81fa  value = 0xffffffffa88aa88a
CLI_OUTPUT: /Target1/register/action ddal_register_write32 0 33275 2827659402
CLI_OUTPUT: ret /Target1/register/action ddal_register_write32 0 33275 2827659402 ==&gt; done OK retv 0 offset 33275 value -1467307894
SCR_OUTPUT: RP3 Transport write: offset = 0x81fb  value = 0xffffffffa88aa88a
CLI_OUTPUT: /Target1/register/action ddal_register_write32 0 33276 2827659402
CLI_OUTPUT: ret /Target1/register/action ddal_register_write32 0 33276 2827659402 ==&gt; done OK retv 0 offset 33276 value -1467307894
SCR_OUTPUT: RP3 Transport write: offset = 0x81fc  value = 0xffffffffa88aa88a
CLI_OUTPUT: /Target1/register/action ddal_register_write32 0 33277 2827659402
CLI_OUTPUT: ret /Target1/register/action ddal_register_write32 0 33277 2827659402 ==&gt; done OK retv 0 offset 33277 value -1467307894
SCR_OUTPUT: RP3 Transport write: offset = 0x81fd  value = 0xffffffffa88aa88a
CLI_OUTPUT: /Target1/register/action ddal_register_write32 0 33278 2827659402
CLI_OUTPUT: ret /Target1/register/action ddal_register_write32 0 33278 2827659402 ==&gt; done OK retv 0 offset 33278 value -1467307894
SCR_OUTPUT: RP3 Transport write: offset = 0x81fe  value = 0xffffffffa88aa88a
CLI_OUTPUT: /Target1/register/action ddal_register_write32 0 33279 2827659402
CLI_OUTPUT: ret /Target1/register/action ddal_register_write32 0 33279 2827659402 ==&gt; done OK retv 0 offset 33279 value -1467307894
SCR_OUTPUT: RP3 Transport write: offset = 0x81ff  value = 0xffffffffa88aa88a
SCR_OUTPUT: 2 RP3 Transport: read 32 Bit register
CLI_OUTPUT: /Target1/register/action ddal_register_read32 0 0x81F0
CLI_OUTPUT: ret /Target1/register/action ddal_register_read32 0 0x81F0 ==&gt; done OK retv 0 offset 33264 value 0
SCR_OUTPUT: RP3 Transport read: offset = 0x81f0  value = 0x0
CLI_OUTPUT: /Target1/register/action ddal_register_read32 0 33265
CLI_OUTPUT: ret /Target1/register/action ddal_register_read32 0 33265 ==&gt; done OK retv 0 offset 33265 value 0
SCR_OUTPUT: RP3 Transport read: offset = 0x81f1  value = 0x0
CLI_OUTPUT: /Target1/register/action ddal_register_read32 0 33266
CLI_OUTPUT: ret /Target1/register/action ddal_register_read32 0 33266 ==&gt; done OK retv 0 offset 33266 value 0
SCR_OUTPUT: RP3 Transport read: offset = 0x81f2  value = 0x0
CLI_OUTPUT: /Target1/register/action ddal_register_read32 0 33267
CLI_OUTPUT: ret /Target1/register/action ddal_register_read32 0 33267 ==&gt; done OK retv 0 offset 33267 value 0
SCR_OUTPUT: RP3 Transport read: offset = 0x81f3  value = 0x0
CLI_OUTPUT: /Target1/register/action ddal_register_read32 0 33268
CLI_OUTPUT: ret /Target1/register/action ddal_register_read32 0 33268 ==&gt; done OK retv 0 offset 33268 value 0
SCR_OUTPUT: RP3 Transport read: offset = 0x81f4  value = 0x0
CLI_OUTPUT: /Target1/register/action ddal_register_read32 0 33269
CLI_OUTPUT: ret /Target1/register/action ddal_register_read32 0 33269 ==&gt; done OK retv 0 offset 33269 value 0
SCR_OUTPUT: RP3 Transport read: offset = 0x81f5  value = 0x0
CLI_OUTPUT: /Target1/register/action ddal_register_read32 0 33270
CLI_OUTPUT: ret /Target1/register/action ddal_register_read32 0 33270 ==&gt; done OK retv 0 offset 33270 value 0
SCR_OUTPUT: RP3 Transport read: offset = 0x81f6  value = 0x0
CLI_OUTPUT: /Target1/register/action ddal_register_read32 0 33271
CLI_OUTPUT: ret /Target1/register/action ddal_register_read32 0 33271 ==&gt; done OK retv 0 offset 33271 value 0
SCR_OUTPUT: RP3 Transport read: offset = 0x81f7  value = 0x0
CLI_OUTPUT: /Target1/register/action ddal_register_read32 0 33272
CLI_OUTPUT: ret /Target1/register/action ddal_register_read32 0 33272 ==&gt; done OK retv 0 offset 33272 value 0
SCR_OUTPUT: RP3 Transport read: offset = 0x81f8  value = 0x0
CLI_OUTPUT: /Target1/register/action ddal_register_read32 0 33273
CLI_OUTPUT: ret /Target1/register/action ddal_register_read32 0 33273 ==&gt; done OK retv 0 offset 33273 value 0
SCR_OUTPUT: RP3 Transport read: offset = 0x81f9  value = 0x0
CLI_OUTPUT: /Target1/register/action ddal_register_read32 0 33274
CLI_OUTPUT: ret /Target1/register/action ddal_register_read32 0 33274 ==&gt; done OK retv 0 offset 33274 value 0
SCR_OUTPUT: RP3 Transport read: offset = 0x81fa  value = 0x0
CLI_OUTPUT: /Target1/register/action ddal_register_read32 0 33275
CLI_OUTPUT: ret /Target1/register/action ddal_register_read32 0 33275 ==&gt; done OK retv 0 offset 33275 value 0
SCR_OUTPUT: RP3 Transport read: offset = 0x81fb  value = 0x0
CLI_OUTPUT: /Target1/register/action ddal_register_read32 0 33276
CLI_OUTPUT: ret /Target1/register/action ddal_register_read32 0 33276 ==&gt; done OK retv 0 offset 33276 value 0
SCR_OUTPUT: RP3 Transport read: offset = 0x81fc  value = 0x0
CLI_OUTPUT: /Target1/register/action ddal_register_read32 0 33277
CLI_OUTPUT: ret /Target1/register/action ddal_register_read32 0 33277 ==&gt; done OK retv 0 offset 33277 value 0
SCR_OUTPUT: RP3 Transport read: offset = 0x81fd  value = 0x0
CLI_OUTPUT: /Target1/register/action ddal_register_read32 0 33278
CLI_OUTPUT: ret /Target1/register/action ddal_register_read32 0 33278 ==&gt; done OK retv 0 offset 33278 value 0
SCR_OUTPUT: RP3 Transport read: offset = 0x81fe  value = 0x0
CLI_OUTPUT: /Target1/register/action ddal_register_read32 0 33279
CLI_OUTPUT: ret /Target1/register/action ddal_register_read32 0 33279 ==&gt; done OK retv 0 offset 33279 value 0
SCR_OUTPUT: RP3 Transport read: offset = 0x81ff  value = 0x0
SCR_OUTPUT: 2 RP3 Transport: write 32 Bit register
CLI_OUTPUT: /Target1/register/action ddal_register_write32 0 0x81F0 4241489103
CLI_OUTPUT: ret /Target1/register/action ddal_register_write32 0 0x81F0 4241489103 ==&gt; done OK retv 0 offset 33264 value -53478193
CLI_OUTPUT: /Target1/register/action ddal_register_write32 0 33265 4241489103
CLI_OUTPUT: ret /Target1/register/action ddal_register_write32 0 33265 4241489103 ==&gt; done OK retv 0 offset 33265 value -53478193
CLI_OUTPUT: /Target1/register/action ddal_register_write32 0 33266 4241489103
CLI_OUTPUT: ret /Target1/register/action ddal_register_write32 0 33266 4241489103 ==&gt; done OK retv 0 offset 33266 value -53478193
CLI_OUTPUT: /Target1/register/action ddal_register_write32 0 33267 4241489103
CLI_OUTPUT: ret /Target1/register/action ddal_register_write32 0 33267 4241489103 ==&gt; done OK retv 0 offset 33267 value -53478193
CLI_OUTPUT: /Target1/register/action ddal_register_write32 0 33268 4241489103
CLI_OUTPUT: ret /Target1/register/action ddal_register_write32 0 33268 4241489103 ==&gt; done OK retv 0 offset 33268 value -53478193
CLI_OUTPUT: /Target1/register/action ddal_register_write32 0 33269 4241489103
CLI_OUTPUT: ret /Target1/register/action ddal_register_write32 0 33269 4241489103 ==&gt; done OK retv 0 offset 33269 value -53478193
CLI_OUTPUT: /Target1/register/action ddal_register_write32 0 33270 4241489103
CLI_OUTPUT: ret /Target1/register/action ddal_register_write32 0 33270 4241489103 ==&gt; done OK retv 0 offset 33270 value -53478193
CLI_OUTPUT: /Target1/register/action ddal_register_write32 0 33271 4241489103
CLI_OUTPUT: ret /Target1/register/action ddal_register_write32 0 33271 4241489103 ==&gt; done OK retv 0 offset 33271 value -53478193
CLI_OUTPUT: /Target1/register/action ddal_register_write32 0 33272 4241489103
CLI_OUTPUT: ret /Target1/register/action ddal_register_write32 0 33272 4241489103 ==&gt; done OK retv 0 offset 33272 value -53478193
CLI_OUTPUT: /Target1/register/action ddal_register_write32 0 33273 4241489103
CLI_OUTPUT: ret /Target1/register/action ddal_register_write32 0 33273 4241489103 ==&gt; done OK retv 0 offset 33273 value -53478193
CLI_OUTPUT: /Target1/register/action ddal_register_write32 0 33274 4241489103
CLI_OUTPUT: ret /Target1/register/action ddal_register_write32 0 33274 4241489103 ==&gt; done OK retv 0 offset 33274 value -53478193
CLI_OUTPUT: /Target1/register/action ddal_register_write32 0 33275 4241489103
CLI_OUTPUT: ret /Target1/register/action ddal_register_write32 0 33275 4241489103 ==&gt; done OK retv 0 offset 33275 value -53478193
CLI_OUTPUT: /Target1/register/action ddal_register_write32 0 33276 4241489103
CLI_OUTPUT: ret /Target1/register/action ddal_register_write32 0 33276 4241489103 ==&gt; done OK retv 0 offset 33276 value -53478193
CLI_OUTPUT: /Target1/register/action ddal_register_write32 0 33277 4241489103
CLI_OUTPUT: ret /Target1/register/action ddal_register_write32 0 33277 4241489103 ==&gt; done OK retv 0 offset 33277 value -53478193
CLI_OUTPUT: /Target1/register/action ddal_register_write32 0 33278 4241489103
CLI_OUTPUT: ret /Target1/register/action ddal_register_write32 0 33278 4241489103 ==&gt; done OK retv 0 offset 33278 value -53478193
CLI_OUTPUT: /Target1/register/action ddal_register_write32 0 33279 4241489103
CLI_OUTPUT: ret /Target1/register/action ddal_register_write32 0 33279 4241489103 ==&gt; done OK retv 0 offset 33279 value -53478193
SCR_OUTPUT: ##### Test Case End: TC_03230_005 PASSED (0)
</system-out>
</testcase>

<testcase classname="basic_components.sshd.functional" name="testsuite" time="0.000">
<skipped></skipped>
<system-out>
No Tests
</system-out>
</testcase>

<testcase classname="system_integrity.scheduler.functional" name="testsuite" time="0.000">
<skipped></skipped>
<system-out>
No Tests
</system-out>
</testcase>

<testcase classname="tests.common" name="checkuname" time="0.103">
<system-out>
<![CDATA[....
Linux fcmd15 3.14.51-g82d8086-fcmd #1 PREEMPT Thu Oct 29 17:38:53 UTC 2015 ppc GNU/Linux

]]>	</system-out>
<system-err>
<![CDATA[]]>	</system-err>
</testcase>

<testcase classname="tests.fmontests" name="fmon_fsmr2_hack" time="219.489">
<system-out>
<![CDATA[....
/lvol2/production_jenkins/test-repos/src-fsmfmon/src/host/fmon/bin
TC_01040 running ...   (1/1)
TC_01040 done   (1/1)
TC_03011 running ...   (1/1)
TC_03011 done   (1/1)
TC_03020 running ...   (1/1)
TC_03020 done   (1/1)
TC_03030 running ...   (1/1)
TC_03030 done   (1/1)
TC_03050 running ...   (1/1)
TC_03050 done   (1/1)
TC_03080 running ...   (1/1)
TC_03080 done   (1/1)
TC_03100 running ...   (1/1)
TC_03100 done   (1/1)
TC_03130 running ...   (1/1)
TC_03130 done   (1/1)
TC_03150 running ...   (1/1)
TC_03150 done   (1/1)
TC_03160 running ...   (1/1)
TC_03160 done   (1/1)
TC_03170 running ...   (1/1)
TC_03170 done   (1/1)
TC_03210 running ...   (1/1)
TC_03210 done   (1/1)
TC_03230 running ...   (1/1)
TC_03230 done   (1/1)
Run 13 test cases done
LogFile: /lvol3/production_jenkins/test-repos/src-fsmwbit/src/log/tcm2.log
Statistic:
Case Count Passed Failed maxErrors avgErrors maxTime avgTime
TC_03011 1 1 0 0 0 { 00:00:03 } { 00:00:03 } {Sfn get close fd}
TC_03020 1 1 0 0 0 { 00:00:07 } { 00:00:07 } {Basic temperature Tests}
TC_03030 1 1 0 0 0 { 00:00:01 } { 00:00:01 } {Basic reset Tests}
TC_03050 1 1 0 0 0 { 00:00:01 } { 00:00:01 } {Basic power Tests}
TC_03080 1 1 0 0 0 { 00:00:00 } { 00:00:00 } {Basic led Tests}
TC_03100 1 1 0 0 0 { 00:02:40 } { 00:02:40 } {Basic rpram Tests}
TC_03130 1 1 0 0 0 { 00:00:00 } { 00:00:00 } {Basic Power Monitor Tests}
TC_03150 1 1 0 0 0 { 00:00:00 } { 00:00:00 } {FSP H/W Id}
TC_03160 1 1 0 0 0 { 00:00:01 } { 00:00:01 } {Basic External Alarm Tests}
TC_03170 1 1 0 0 0 { 00:00:02 } { 00:00:02 } {Basic Custom Out Tests}
TC_03210 1 0 1 4 4 { 00:00:01 } { 00:00:01 } {Basic gpio Tests}
TC_03230 1 1 0 0 0 { 00:00:33 } { 00:00:33 } {Basic register Tests}
Summary 12 11 1 4 0 { 00:02:40 } { 00:00:17 } {Totals and Sums}
OVERALL RESULT: FAIL

]]>	</system-out>
<system-err>
<![CDATA[+(./host_fmon_fsmr2_hack.sh:6): ROOT=/lvol3/production_jenkins/test-repos/src-fsmwbit//src
+(./host_fmon_fsmr2_hack.sh:7): TARGET_NAME=fcmd15
+(./host_fmon_fsmr2_hack.sh:8): TMF_DIR=/var/fpwork/psulm/lfs-jenkins/workspace/LFS_CI_-_trunk_-_TestNonBlocking_-_FSM-r2_-_FCMD/workspace/src-test/src/unittest/tests/fmontests/fmon_fsmr2_hack
+(./host_fmon_fsmr2_hack.sh:10): cd /lvol3/production_jenkins/test-repos/src-fsmwbit//src/tools/ftcm
+(./host_fmon_fsmr2_hack.sh:11): ./startftcm -cfg /lvol2/production_jenkins/test-repos/src-fsmtest/src/test_scripts/configs/fcmd15.cfg
+(./host_fmon_fsmr2_hack.sh:11): true
+(./host_fmon_fsmr2_hack.sh:12): /lvol2/production_jenkins/bin/mkjunitxml.pl /lvol3/production_jenkins/test-repos/src-fsmwbit//src/log/tcm2.log
+(./host_fmon_fsmr2_hack.sh:14): '[' -f /lvol3/production_jenkins/test-repos/src-fsmwbit//src/log/fsmr2.xml ']'
+(./host_fmon_fsmr2_hack.sh:16): mkdir -p /var/fpwork/psulm/lfs-jenkins/workspace/LFS_CI_-_trunk_-_TestNonBlocking_-_FSM-r2_-_FCMD/workspace/src-test/src/unittest/tests/fmontests/fmon_fsmr2_hack/xml-reports
+(./host_fmon_fsmr2_hack.sh:17): cp /lvol3/production_jenkins/test-repos/src-fsmwbit//src/log/fsmr2.xml /var/fpwork/psulm/lfs-jenkins/workspace/LFS_CI_-_trunk_-_TestNonBlocking_-_FSM-r2_-_FCMD/workspace/src-test/src/unittest/tests/fmontests/fmon_fsmr2_hack/xml-reports/
]]>	</system-err>
</testcase>

</testsuite>
